2025-06-23 21:33:28 Note: Kernel support for ovpn-dco missing, disabling data channel offload.
2025-06-23 21:33:28 OpenVPN 2.6.3 x86_64-pc-linux-gnu [SSL (OpenSSL)] [LZO] [LZ4] [EPOLL] [PKCS11] [MH/PKTINFO] [AEAD] [DCO]
2025-06-23 21:33:28 library versions: OpenSSL 3.0.16 11 Feb 2025, LZO 2.10
2025-06-23 21:33:28 DCO version: N/A
2025-06-23 21:33:28 TCP/UDP: Preserving recently used remote address: [AF_INET]4.234.98.99:443
2025-06-23 21:33:28 Socket Buffers: R=[131072->131072] S=[16384->16384]
2025-06-23 21:33:28 Attempting to establish TCP connection with [AF_INET]4.234.98.99:443
2025-06-23 21:33:28 TCP connection established with [AF_INET]4.234.98.99:443
2025-06-23 21:33:28 TCPv4_CLIENT link local: (not bound)
2025-06-23 21:33:28 TCPv4_CLIENT link remote: [AF_INET]4.234.98.99:443
2025-06-23 21:33:28 TLS: Initial packet from [AF_INET]4.234.98.99:443, sid=d99852d1 2bfa664e
2025-06-23 21:33:28 VERIFY OK: depth=2, C=US, O=DigiCert Inc, OU=www.digicert.com, CN=DigiCert Global Root G2
2025-06-23 21:33:28 VERIFY OK: depth=1, C=US, O=Microsoft Corporation, CN=Microsoft Azure RSA TLS Issuing CA 08
2025-06-23 21:33:28 VERIFY KU OK
2025-06-23 21:33:28 Validating certificate extended key usage
2025-06-23 21:33:28 ++ Certificate has EKU (str) TLS Web Client Authentication, expects TLS Web Server Authentication
2025-06-23 21:33:28 ++ Certificate has EKU (oid) 1.3.6.1.5.5.7.3.2, expects TLS Web Server Authentication
2025-06-23 21:33:28 ++ Certificate has EKU (str) TLS Web Server Authentication, expects TLS Web Server Authentication
2025-06-23 21:33:28 VERIFY EKU OK
2025-06-23 21:33:28 VERIFY X509NAME OK: C=US, ST=WA, L=Redmond, O=Microsoft Corporation, CN=bb580072-2a78-454b-822f-268a3c8f9f19.vpn.azure.com
2025-06-23 21:33:28 VERIFY OK: depth=0, C=US, ST=WA, L=Redmond, O=Microsoft Corporation, CN=bb580072-2a78-454b-822f-268a3c8f9f19.vpn.azure.com
2025-06-23 21:33:28 Control Channel: TLSv1.3, cipher TLSv1.3 TLS_AES_256_GCM_SHA384, peer certificate: 2048 bit RSA, signature: RSA-SHA384
2025-06-23 21:33:28 [bb580072-2a78-454b-822f-268a3c8f9f19.vpn.azure.com] Peer Connection Initiated with [AF_INET]4.234.98.99:443
2025-06-23 21:33:28 TLS: move_session: dest=TM_ACTIVE src=TM_INITIAL reinit_src=1
2025-06-23 21:33:28 TLS: tls_multi_process: initial untrusted session promoted to trusted
2025-06-23 21:33:30 SENT CONTROL [bb580072-2a78-454b-822f-268a3c8f9f19.vpn.azure.com]: 'PUSH_REQUEST' (status=1)
2025-06-23 21:33:30 PUSH: Received control message: 'PUSH_REPLY,route 172.18.0.0 255.255.0.0,route-gateway 192.168.100.1,topology subnet,ifconfig 192.168.100.2 255.255.255.0,cipher AES-256-GCM'
2025-06-23 21:33:30 OPTIONS IMPORT: --ifconfig/up options modified
2025-06-23 21:33:30 OPTIONS IMPORT: route options modified
2025-06-23 21:33:30 OPTIONS IMPORT: route-related options modified
2025-06-23 21:33:30 net_route_v4_best_gw query: dst 0.0.0.0
2025-06-23 21:33:30 net_route_v4_best_gw result: via 10.4.0.254 dev ens18
2025-06-23 21:33:30 ROUTE_GATEWAY 10.4.0.254/255.255.0.0 IFACE=ens18 HWADDR=bc:24:11:25:59:2b
2025-06-23 21:33:30 TUN/TAP device tun0 opened
2025-06-23 21:33:30 net_iface_mtu_set: mtu 1500 for tun0
2025-06-23 21:33:30 net_iface_up: set tun0 up
2025-06-23 21:33:30 net_addr_v4_add: 192.168.100.2/24 dev tun0
2025-06-23 21:33:30 net_route_v4_add: 172.18.0.0/16 via 192.168.100.1 dev [NULL] table 0 metric -1
2025-06-23 21:33:30 Initialization Sequence Completed
2025-06-23 21:33:30 Data Channel: cipher 'AES-256-GCM'
2025-06-23 22:33:28 TLS: soft reset sec=3600/3600 bytes=7890/-1 pkts=210/0
2025-06-23 22:33:35 Connection reset, restarting [0]
2025-06-23 22:33:35 SIGUSR1[soft,connection-reset] received, process restarting
2025-06-23 22:33:35 Restart pause, 1 second(s)
2025-06-23 22:33:36 TCP/UDP: Preserving recently used remote address: [AF_INET]4.234.98.99:443
2025-06-23 22:33:36 Socket Buffers: R=[131072->131072] S=[16384->16384]
2025-06-23 22:33:36 Attempting to establish TCP connection with [AF_INET]4.234.98.99:443
2025-06-23 22:33:36 TCP connection established with [AF_INET]4.234.98.99:443
2025-06-23 22:33:36 TCPv4_CLIENT link local: (not bound)
2025-06-23 22:33:36 TCPv4_CLIENT link remote: [AF_INET]4.234.98.99:443
2025-06-23 22:33:36 TLS: Initial packet from [AF_INET]4.234.98.99:443, sid=78f01410 2527ce8a
2025-06-23 22:33:36 VERIFY OK: depth=2, C=US, O=DigiCert Inc, OU=www.digicert.com, CN=DigiCert Global Root G2
2025-06-23 22:33:36 VERIFY OK: depth=1, C=US, O=Microsoft Corporation, CN=Microsoft Azure RSA TLS Issuing CA 08
2025-06-23 22:33:36 VERIFY KU OK
2025-06-23 22:33:36 Validating certificate extended key usage
2025-06-23 22:33:36 ++ Certificate has EKU (str) TLS Web Client Authentication, expects TLS Web Server Authentication
2025-06-23 22:33:36 ++ Certificate has EKU (oid) 1.3.6.1.5.5.7.3.2, expects TLS Web Server Authentication
2025-06-23 22:33:36 ++ Certificate has EKU (str) TLS Web Server Authentication, expects TLS Web Server Authentication
2025-06-23 22:33:36 VERIFY EKU OK
2025-06-23 22:33:36 VERIFY X509NAME OK: C=US, ST=WA, L=Redmond, O=Microsoft Corporation, CN=bb580072-2a78-454b-822f-268a3c8f9f19.vpn.azure.com
2025-06-23 22:33:36 VERIFY OK: depth=0, C=US, ST=WA, L=Redmond, O=Microsoft Corporation, CN=bb580072-2a78-454b-822f-268a3c8f9f19.vpn.azure.com
2025-06-23 22:33:37 Control Channel: TLSv1.3, cipher TLSv1.3 TLS_AES_256_GCM_SHA384, peer certificate: 2048 bit RSA, signature: RSA-SHA384
2025-06-23 22:33:37 [bb580072-2a78-454b-822f-268a3c8f9f19.vpn.azure.com] Peer Connection Initiated with [AF_INET]4.234.98.99:443
2025-06-23 22:33:37 TLS: move_session: dest=TM_ACTIVE src=TM_INITIAL reinit_src=1
2025-06-23 22:33:37 TLS: tls_multi_process: initial untrusted session promoted to trusted
2025-06-23 22:33:38 SENT CONTROL [bb580072-2a78-454b-822f-268a3c8f9f19.vpn.azure.com]: 'PUSH_REQUEST' (status=1)
2025-06-23 22:33:38 PUSH: Received control message: 'PUSH_REPLY,route 172.18.0.0 255.255.0.0,route-gateway 192.168.100.1,topology subnet,ifconfig 192.168.100.2 255.255.255.0,cipher AES-256-GCM'
2025-06-23 22:33:38 OPTIONS IMPORT: --ifconfig/up options modified
2025-06-23 22:33:38 OPTIONS IMPORT: route options modified
2025-06-23 22:33:38 OPTIONS IMPORT: route-related options modified
2025-06-23 22:33:38 Preserving previous TUN/TAP instance: tun0
2025-06-23 22:33:38 Initialization Sequence Completed
2025-06-23 22:33:38 Data Channel: cipher 'AES-256-GCM'
2025-06-23 23:28:46 VERIFY OK: depth=2, C=US, O=DigiCert Inc, OU=www.digicert.com, CN=DigiCert Global Root G2
2025-06-23 23:28:46 VERIFY OK: depth=1, C=US, O=Microsoft Corporation, CN=Microsoft Azure RSA TLS Issuing CA 08
2025-06-23 23:28:46 VERIFY KU OK
2025-06-23 23:28:46 Validating certificate extended key usage
2025-06-23 23:28:46 ++ Certificate has EKU (str) TLS Web Client Authentication, expects TLS Web Server Authentication
2025-06-23 23:28:46 ++ Certificate has EKU (oid) 1.3.6.1.5.5.7.3.2, expects TLS Web Server Authentication
2025-06-23 23:28:46 ++ Certificate has EKU (str) TLS Web Server Authentication, expects TLS Web Server Authentication
2025-06-23 23:28:46 VERIFY EKU OK
2025-06-23 23:28:46 VERIFY X509NAME OK: C=US, ST=WA, L=Redmond, O=Microsoft Corporation, CN=bb580072-2a78-454b-822f-268a3c8f9f19.vpn.azure.com
2025-06-23 23:28:46 VERIFY OK: depth=0, C=US, ST=WA, L=Redmond, O=Microsoft Corporation, CN=bb580072-2a78-454b-822f-268a3c8f9f19.vpn.azure.com
2025-06-23 23:28:46 Control Channel: TLSv1.3, cipher TLSv1.3 TLS_AES_256_GCM_SHA384, peer certificate: 2048 bit RSA, signature: RSA-SHA384
2025-06-24 00:15:46 read TCPv4_CLIENT []: Connection timed out (fd=3,code=110)
2025-06-24 00:15:46 Connection reset, restarting [0]
2025-06-24 00:15:46 SIGUSR1[soft,connection-reset] received, process restarting
2025-06-24 00:15:46 Restart pause, 1 second(s)
2025-06-24 00:15:47 TCP/UDP: Preserving recently used remote address: [AF_INET]4.234.98.99:443
2025-06-24 00:15:47 Socket Buffers: R=[131072->131072] S=[16384->16384]
2025-06-24 00:15:47 Attempting to establish TCP connection with [AF_INET]4.234.98.99:443
2025-06-24 00:15:47 TCP connection established with [AF_INET]4.234.98.99:443
2025-06-24 00:15:47 TCPv4_CLIENT link local: (not bound)
2025-06-24 00:15:47 TCPv4_CLIENT link remote: [AF_INET]4.234.98.99:443
2025-06-24 00:15:47 TLS: Initial packet from [AF_INET]4.234.98.99:443, sid=bea0bebf b295dc4d
2025-06-24 00:15:48 VERIFY OK: depth=2, C=US, O=DigiCert Inc, OU=www.digicert.com, CN=DigiCert Global Root G2
2025-06-24 00:15:48 VERIFY OK: depth=1, C=US, O=Microsoft Corporation, CN=Microsoft Azure RSA TLS Issuing CA 08
2025-06-24 00:15:48 VERIFY KU OK
2025-06-24 00:15:48 Validating certificate extended key usage
2025-06-24 00:15:48 ++ Certificate has EKU (str) TLS Web Client Authentication, expects TLS Web Server Authentication
2025-06-24 00:15:48 ++ Certificate has EKU (oid) 1.3.6.1.5.5.7.3.2, expects TLS Web Server Authentication
2025-06-24 00:15:48 ++ Certificate has EKU (str) TLS Web Server Authentication, expects TLS Web Server Authentication
2025-06-24 00:15:48 VERIFY EKU OK
2025-06-24 00:15:48 VERIFY X509NAME OK: C=US, ST=WA, L=Redmond, O=Microsoft Corporation, CN=bb580072-2a78-454b-822f-268a3c8f9f19.vpn.azure.com
2025-06-24 00:15:48 VERIFY OK: depth=0, C=US, ST=WA, L=Redmond, O=Microsoft Corporation, CN=bb580072-2a78-454b-822f-268a3c8f9f19.vpn.azure.com
2025-06-24 00:15:48 Control Channel: TLSv1.3, cipher TLSv1.3 TLS_AES_256_GCM_SHA384, peer certificate: 2048 bit RSA, signature: RSA-SHA384
2025-06-24 00:15:48 [bb580072-2a78-454b-822f-268a3c8f9f19.vpn.azure.com] Peer Connection Initiated with [AF_INET]4.234.98.99:443
2025-06-24 00:15:48 TLS: move_session: dest=TM_ACTIVE src=TM_INITIAL reinit_src=1
2025-06-24 00:15:48 TLS: tls_multi_process: initial untrusted session promoted to trusted
2025-06-24 00:15:49 SENT CONTROL [bb580072-2a78-454b-822f-268a3c8f9f19.vpn.azure.com]: 'PUSH_REQUEST' (status=1)
2025-06-24 00:15:49 PUSH: Received control message: 'PUSH_REPLY,route 172.18.0.0 255.255.0.0,route-gateway 192.168.100.1,topology subnet,ifconfig 192.168.100.2 255.255.255.0,cipher AES-256-GCM'
2025-06-24 00:15:49 OPTIONS IMPORT: --ifconfig/up options modified
2025-06-24 00:15:49 OPTIONS IMPORT: route options modified
2025-06-24 00:15:49 OPTIONS IMPORT: route-related options modified
2025-06-24 00:15:49 Preserving previous TUN/TAP instance: tun0
2025-06-24 00:15:49 Initialization Sequence Completed
2025-06-24 00:15:49 Data Channel: cipher 'AES-256-GCM'
2025-06-24 01:10:56 VERIFY OK: depth=2, C=US, O=DigiCert Inc, OU=www.digicert.com, CN=DigiCert Global Root G2
2025-06-24 01:10:56 VERIFY OK: depth=1, C=US, O=Microsoft Corporation, CN=Microsoft Azure RSA TLS Issuing CA 08
2025-06-24 01:10:56 VERIFY KU OK
2025-06-24 01:10:56 Validating certificate extended key usage
2025-06-24 01:10:56 ++ Certificate has EKU (str) TLS Web Client Authentication, expects TLS Web Server Authentication
2025-06-24 01:10:56 ++ Certificate has EKU (oid) 1.3.6.1.5.5.7.3.2, expects TLS Web Server Authentication
2025-06-24 01:10:56 ++ Certificate has EKU (str) TLS Web Server Authentication, expects TLS Web Server Authentication
2025-06-24 01:10:56 VERIFY EKU OK
2025-06-24 01:10:56 VERIFY X509NAME OK: C=US, ST=WA, L=Redmond, O=Microsoft Corporation, CN=bb580072-2a78-454b-822f-268a3c8f9f19.vpn.azure.com
2025-06-24 01:10:56 VERIFY OK: depth=0, C=US, ST=WA, L=Redmond, O=Microsoft Corporation, CN=bb580072-2a78-454b-822f-268a3c8f9f19.vpn.azure.com
2025-06-24 01:10:56 Control Channel: TLSv1.3, cipher TLSv1.3 TLS_AES_256_GCM_SHA384, peer certificate: 2048 bit RSA, signature: RSA-SHA384
2025-06-24 02:09:22 read TCPv4_CLIENT []: Connection timed out (fd=3,code=110)
2025-06-24 02:09:22 Connection reset, restarting [0]
2025-06-24 02:09:22 SIGUSR1[soft,connection-reset] received, process restarting
2025-06-24 02:09:22 Restart pause, 1 second(s)
2025-06-24 02:09:23 TCP/UDP: Preserving recently used remote address: [AF_INET]4.234.98.99:443
2025-06-24 02:09:23 Socket Buffers: R=[131072->131072] S=[16384->16384]
2025-06-24 02:09:23 Attempting to establish TCP connection with [AF_INET]4.234.98.99:443
2025-06-24 02:09:23 TCP connection established with [AF_INET]4.234.98.99:443
2025-06-24 02:09:23 TCPv4_CLIENT link local: (not bound)
2025-06-24 02:09:23 TCPv4_CLIENT link remote: [AF_INET]4.234.98.99:443
2025-06-24 02:09:23 TLS: Initial packet from [AF_INET]4.234.98.99:443, sid=ab503c23 5a6a4aea
2025-06-24 02:09:23 VERIFY OK: depth=2, C=US, O=DigiCert Inc, OU=www.digicert.com, CN=DigiCert Global Root G2
2025-06-24 02:09:23 VERIFY OK: depth=1, C=US, O=Microsoft Corporation, CN=Microsoft Azure RSA TLS Issuing CA 08
2025-06-24 02:09:23 VERIFY KU OK
2025-06-24 02:09:23 Validating certificate extended key usage
2025-06-24 02:09:23 ++ Certificate has EKU (str) TLS Web Client Authentication, expects TLS Web Server Authentication
2025-06-24 02:09:23 ++ Certificate has EKU (oid) 1.3.6.1.5.5.7.3.2, expects TLS Web Server Authentication
2025-06-24 02:09:23 ++ Certificate has EKU (str) TLS Web Server Authentication, expects TLS Web Server Authentication
2025-06-24 02:09:23 VERIFY EKU OK
2025-06-24 02:09:23 VERIFY X509NAME OK: C=US, ST=WA, L=Redmond, O=Microsoft Corporation, CN=bb580072-2a78-454b-822f-268a3c8f9f19.vpn.azure.com
2025-06-24 02:09:23 VERIFY OK: depth=0, C=US, ST=WA, L=Redmond, O=Microsoft Corporation, CN=bb580072-2a78-454b-822f-268a3c8f9f19.vpn.azure.com
2025-06-24 02:09:23 Control Channel: TLSv1.3, cipher TLSv1.3 TLS_AES_256_GCM_SHA384, peer certificate: 2048 bit RSA, signature: RSA-SHA384
2025-06-24 02:09:23 [bb580072-2a78-454b-822f-268a3c8f9f19.vpn.azure.com] Peer Connection Initiated with [AF_INET]4.234.98.99:443
2025-06-24 02:09:23 TLS: move_session: dest=TM_ACTIVE src=TM_INITIAL reinit_src=1
2025-06-24 02:09:23 TLS: tls_multi_process: initial untrusted session promoted to trusted
2025-06-24 02:09:25 SENT CONTROL [bb580072-2a78-454b-822f-268a3c8f9f19.vpn.azure.com]: 'PUSH_REQUEST' (status=1)
2025-06-24 02:09:25 PUSH: Received control message: 'PUSH_REPLY,route 172.18.0.0 255.255.0.0,route-gateway 192.168.100.1,topology subnet,ifconfig 192.168.100.2 255.255.255.0,cipher AES-256-GCM'
2025-06-24 02:09:25 OPTIONS IMPORT: --ifconfig/up options modified
2025-06-24 02:09:25 OPTIONS IMPORT: route options modified
2025-06-24 02:09:25 OPTIONS IMPORT: route-related options modified
2025-06-24 02:09:25 Preserving previous TUN/TAP instance: tun0
2025-06-24 02:09:25 Initialization Sequence Completed
2025-06-24 02:09:25 Data Channel: cipher 'AES-256-GCM'
2025-06-24 03:04:26 VERIFY OK: depth=2, C=US, O=DigiCert Inc, OU=www.digicert.com, CN=DigiCert Global Root G2
2025-06-24 03:04:26 VERIFY OK: depth=1, C=US, O=Microsoft Corporation, CN=Microsoft Azure RSA TLS Issuing CA 08
2025-06-24 03:04:26 VERIFY KU OK
2025-06-24 03:04:26 Validating certificate extended key usage
2025-06-24 03:04:26 ++ Certificate has EKU (str) TLS Web Client Authentication, expects TLS Web Server Authentication
2025-06-24 03:04:26 ++ Certificate has EKU (oid) 1.3.6.1.5.5.7.3.2, expects TLS Web Server Authentication
2025-06-24 03:04:26 ++ Certificate has EKU (str) TLS Web Server Authentication, expects TLS Web Server Authentication
2025-06-24 03:04:26 VERIFY EKU OK
2025-06-24 03:04:26 VERIFY X509NAME OK: C=US, ST=WA, L=Redmond, O=Microsoft Corporation, CN=bb580072-2a78-454b-822f-268a3c8f9f19.vpn.azure.com
2025-06-24 03:04:26 VERIFY OK: depth=0, C=US, ST=WA, L=Redmond, O=Microsoft Corporation, CN=bb580072-2a78-454b-822f-268a3c8f9f19.vpn.azure.com
2025-06-24 03:04:26 Control Channel: TLSv1.3, cipher TLSv1.3 TLS_AES_256_GCM_SHA384, peer certificate: 2048 bit RSA, signature: RSA-SHA384
2025-06-24 04:04:26 TLS: soft reset sec=3600/3600 bytes=249/-1 pkts=6/0
2025-06-24 04:05:26 TLS Error: TLS key negotiation failed to occur within 60 seconds (check your network connectivity)
2025-06-24 04:05:26 TLS Error: TLS handshake failed
2025-06-24 04:05:26 TLS: move_session: dest=TM_LAME_DUCK src=TM_ACTIVE reinit_src=1
2025-06-24 04:05:26 Fatal TLS error (check_tls_errors_co), restarting
2025-06-24 04:05:26 SIGUSR1[soft,tls-error] received, process restarting
2025-06-24 04:05:26 Restart pause, 1 second(s)
2025-06-24 04:05:27 TCP/UDP: Preserving recently used remote address: [AF_INET]4.234.98.99:443
2025-06-24 04:05:27 Socket Buffers: R=[131072->131072] S=[16384->16384]
2025-06-24 04:05:27 Attempting to establish TCP connection with [AF_INET]4.234.98.99:443
2025-06-24 04:05:27 TCP connection established with [AF_INET]4.234.98.99:443
2025-06-24 04:05:27 TCPv4_CLIENT link local: (not bound)
2025-06-24 04:05:27 TCPv4_CLIENT link remote: [AF_INET]4.234.98.99:443
2025-06-24 04:05:27 TLS: Initial packet from [AF_INET]4.234.98.99:443, sid=01018063 ae66bb3b
2025-06-24 04:05:27 VERIFY OK: depth=2, C=US, O=DigiCert Inc, OU=www.digicert.com, CN=DigiCert Global Root G2
2025-06-24 04:05:27 VERIFY OK: depth=1, C=US, O=Microsoft Corporation, CN=Microsoft Azure RSA TLS Issuing CA 08
2025-06-24 04:05:27 VERIFY KU OK
2025-06-24 04:05:27 Validating certificate extended key usage
2025-06-24 04:05:27 ++ Certificate has EKU (str) TLS Web Client Authentication, expects TLS Web Server Authentication
2025-06-24 04:05:27 ++ Certificate has EKU (oid) 1.3.6.1.5.5.7.3.2, expects TLS Web Server Authentication
2025-06-24 04:05:27 ++ Certificate has EKU (str) TLS Web Server Authentication, expects TLS Web Server Authentication
2025-06-24 04:05:27 VERIFY EKU OK
2025-06-24 04:05:27 VERIFY X509NAME OK: C=US, ST=WA, L=Redmond, O=Microsoft Corporation, CN=bb580072-2a78-454b-822f-268a3c8f9f19.vpn.azure.com
2025-06-24 04:05:27 VERIFY OK: depth=0, C=US, ST=WA, L=Redmond, O=Microsoft Corporation, CN=bb580072-2a78-454b-822f-268a3c8f9f19.vpn.azure.com
2025-06-24 04:05:27 Control Channel: TLSv1.3, cipher TLSv1.3 TLS_AES_256_GCM_SHA384, peer certificate: 2048 bit RSA, signature: RSA-SHA384
2025-06-24 04:05:27 [bb580072-2a78-454b-822f-268a3c8f9f19.vpn.azure.com] Peer Connection Initiated with [AF_INET]4.234.98.99:443
2025-06-24 04:05:27 TLS: move_session: dest=TM_ACTIVE src=TM_INITIAL reinit_src=1
2025-06-24 04:05:27 TLS: tls_multi_process: initial untrusted session promoted to trusted
2025-06-24 04:05:28 SENT CONTROL [bb580072-2a78-454b-822f-268a3c8f9f19.vpn.azure.com]: 'PUSH_REQUEST' (status=1)
2025-06-24 04:05:28 PUSH: Received control message: 'PUSH_REPLY,route 172.18.0.0 255.255.0.0,route-gateway 192.168.100.1,topology subnet,ifconfig 192.168.100.2 255.255.255.0,cipher AES-256-GCM'
2025-06-24 04:05:28 OPTIONS IMPORT: --ifconfig/up options modified
2025-06-24 04:05:28 OPTIONS IMPORT: route options modified
2025-06-24 04:05:28 OPTIONS IMPORT: route-related options modified
2025-06-24 04:05:28 Preserving previous TUN/TAP instance: tun0
2025-06-24 04:05:28 Initialization Sequence Completed
2025-06-24 04:05:28 Data Channel: cipher 'AES-256-GCM'
2025-06-24 05:00:37 VERIFY OK: depth=2, C=US, O=DigiCert Inc, OU=www.digicert.com, CN=DigiCert Global Root G2
2025-06-24 05:00:37 VERIFY OK: depth=1, C=US, O=Microsoft Corporation, CN=Microsoft Azure RSA TLS Issuing CA 08
2025-06-24 05:00:37 VERIFY KU OK
2025-06-24 05:00:37 Validating certificate extended key usage
2025-06-24 05:00:37 ++ Certificate has EKU (str) TLS Web Client Authentication, expects TLS Web Server Authentication
2025-06-24 05:00:37 ++ Certificate has EKU (oid) 1.3.6.1.5.5.7.3.2, expects TLS Web Server Authentication
2025-06-24 05:00:37 ++ Certificate has EKU (str) TLS Web Server Authentication, expects TLS Web Server Authentication
2025-06-24 05:00:37 VERIFY EKU OK
2025-06-24 05:00:37 VERIFY X509NAME OK: C=US, ST=WA, L=Redmond, O=Microsoft Corporation, CN=bb580072-2a78-454b-822f-268a3c8f9f19.vpn.azure.com
2025-06-24 05:00:37 VERIFY OK: depth=0, C=US, ST=WA, L=Redmond, O=Microsoft Corporation, CN=bb580072-2a78-454b-822f-268a3c8f9f19.vpn.azure.com
2025-06-24 05:00:37 Control Channel: TLSv1.3, cipher TLSv1.3 TLS_AES_256_GCM_SHA384, peer certificate: 2048 bit RSA, signature: RSA-SHA384
2025-06-24 05:21:36 read TCPv4_CLIENT []: Connection timed out (fd=3,code=110)
2025-06-24 05:21:36 Connection reset, restarting [0]
2025-06-24 05:21:36 SIGUSR1[soft,connection-reset] received, process restarting
2025-06-24 05:21:36 Restart pause, 1 second(s)
2025-06-24 05:21:37 TCP/UDP: Preserving recently used remote address: [AF_INET]4.234.98.99:443
2025-06-24 05:21:37 Socket Buffers: R=[131072->131072] S=[16384->16384]
2025-06-24 05:21:37 Attempting to establish TCP connection with [AF_INET]4.234.98.99:443
2025-06-24 05:21:37 TCP connection established with [AF_INET]4.234.98.99:443
2025-06-24 05:21:37 TCPv4_CLIENT link local: (not bound)
2025-06-24 05:21:37 TCPv4_CLIENT link remote: [AF_INET]4.234.98.99:443
2025-06-24 05:21:38 TLS: Initial packet from [AF_INET]4.234.98.99:443, sid=bbd6167d ce37a7f9
2025-06-24 05:21:38 VERIFY OK: depth=2, C=US, O=DigiCert Inc, OU=www.digicert.com, CN=DigiCert Global Root G2
2025-06-24 05:21:38 VERIFY OK: depth=1, C=US, O=Microsoft Corporation, CN=Microsoft Azure RSA TLS Issuing CA 08
2025-06-24 05:21:38 VERIFY KU OK
2025-06-24 05:21:38 Validating certificate extended key usage
2025-06-24 05:21:38 ++ Certificate has EKU (str) TLS Web Client Authentication, expects TLS Web Server Authentication
2025-06-24 05:21:38 ++ Certificate has EKU (oid) 1.3.6.1.5.5.7.3.2, expects TLS Web Server Authentication
2025-06-24 05:21:38 ++ Certificate has EKU (str) TLS Web Server Authentication, expects TLS Web Server Authentication
2025-06-24 05:21:38 VERIFY EKU OK
2025-06-24 05:21:38 VERIFY X509NAME OK: C=US, ST=WA, L=Redmond, O=Microsoft Corporation, CN=bb580072-2a78-454b-822f-268a3c8f9f19.vpn.azure.com
2025-06-24 05:21:38 VERIFY OK: depth=0, C=US, ST=WA, L=Redmond, O=Microsoft Corporation, CN=bb580072-2a78-454b-822f-268a3c8f9f19.vpn.azure.com
2025-06-24 05:21:38 Control Channel: TLSv1.3, cipher TLSv1.3 TLS_AES_256_GCM_SHA384, peer certificate: 2048 bit RSA, signature: RSA-SHA384
2025-06-24 05:21:38 [bb580072-2a78-454b-822f-268a3c8f9f19.vpn.azure.com] Peer Connection Initiated with [AF_INET]4.234.98.99:443
2025-06-24 05:21:38 TLS: move_session: dest=TM_ACTIVE src=TM_INITIAL reinit_src=1
2025-06-24 05:21:38 TLS: tls_multi_process: initial untrusted session promoted to trusted
2025-06-24 05:21:39 SENT CONTROL [bb580072-2a78-454b-822f-268a3c8f9f19.vpn.azure.com]: 'PUSH_REQUEST' (status=1)
2025-06-24 05:21:39 PUSH: Received control message: 'PUSH_REPLY,route 172.18.0.0 255.255.0.0,route-gateway 192.168.100.1,topology subnet,ifconfig 192.168.100.2 255.255.255.0,cipher AES-256-GCM'
2025-06-24 05:21:39 OPTIONS IMPORT: --ifconfig/up options modified
2025-06-24 05:21:39 OPTIONS IMPORT: route options modified
2025-06-24 05:21:39 OPTIONS IMPORT: route-related options modified
2025-06-24 05:21:39 Preserving previous TUN/TAP instance: tun0
2025-06-24 05:21:39 Initialization Sequence Completed
2025-06-24 05:21:39 Data Channel: cipher 'AES-256-GCM'
2025-06-24 06:16:47 VERIFY OK: depth=2, C=US, O=DigiCert Inc, OU=www.digicert.com, CN=DigiCert Global Root G2
2025-06-24 06:16:47 VERIFY OK: depth=1, C=US, O=Microsoft Corporation, CN=Microsoft Azure RSA TLS Issuing CA 08
2025-06-24 06:16:47 VERIFY KU OK
2025-06-24 06:16:47 Validating certificate extended key usage
2025-06-24 06:16:47 ++ Certificate has EKU (str) TLS Web Client Authentication, expects TLS Web Server Authentication
2025-06-24 06:16:47 ++ Certificate has EKU (oid) 1.3.6.1.5.5.7.3.2, expects TLS Web Server Authentication
2025-06-24 06:16:47 ++ Certificate has EKU (str) TLS Web Server Authentication, expects TLS Web Server Authentication
2025-06-24 06:16:47 VERIFY EKU OK
2025-06-24 06:16:47 VERIFY X509NAME OK: C=US, ST=WA, L=Redmond, O=Microsoft Corporation, CN=bb580072-2a78-454b-822f-268a3c8f9f19.vpn.azure.com
2025-06-24 06:16:47 VERIFY OK: depth=0, C=US, ST=WA, L=Redmond, O=Microsoft Corporation, CN=bb580072-2a78-454b-822f-268a3c8f9f19.vpn.azure.com
2025-06-24 06:16:47 Control Channel: TLSv1.3, cipher TLSv1.3 TLS_AES_256_GCM_SHA384, peer certificate: 2048 bit RSA, signature: RSA-SHA384
2025-06-24 07:16:48 TLS: soft reset sec=3601/3600 bytes=321/-1 pkts=8/0
2025-06-24 07:17:48 TLS Error: TLS key negotiation failed to occur within 60 seconds (check your network connectivity)
2025-06-24 07:17:48 TLS Error: TLS handshake failed
2025-06-24 07:17:48 TLS: move_session: dest=TM_LAME_DUCK src=TM_ACTIVE reinit_src=1
2025-06-24 07:17:48 Fatal TLS error (check_tls_errors_co), restarting
2025-06-24 07:17:48 SIGUSR1[soft,tls-error] received, process restarting
2025-06-24 07:17:48 Restart pause, 1 second(s)
2025-06-24 07:17:49 TCP/UDP: Preserving recently used remote address: [AF_INET]4.234.98.99:443
2025-06-24 07:17:49 Socket Buffers: R=[131072->131072] S=[16384->16384]
2025-06-24 07:17:49 Attempting to establish TCP connection with [AF_INET]4.234.98.99:443
2025-06-24 07:17:49 TCP connection established with [AF_INET]4.234.98.99:443
2025-06-24 07:17:49 TCPv4_CLIENT link local: (not bound)
2025-06-24 07:17:49 TCPv4_CLIENT link remote: [AF_INET]4.234.98.99:443
2025-06-24 07:17:49 TLS: Initial packet from [AF_INET]4.234.98.99:443, sid=03ee1456 782d6785
2025-06-24 07:17:50 VERIFY OK: depth=2, C=US, O=DigiCert Inc, OU=www.digicert.com, CN=DigiCert Global Root G2
2025-06-24 07:17:50 VERIFY OK: depth=1, C=US, O=Microsoft Corporation, CN=Microsoft Azure RSA TLS Issuing CA 08
2025-06-24 07:17:50 VERIFY KU OK
2025-06-24 07:17:50 Validating certificate extended key usage
2025-06-24 07:17:50 ++ Certificate has EKU (str) TLS Web Client Authentication, expects TLS Web Server Authentication
2025-06-24 07:17:50 ++ Certificate has EKU (oid) 1.3.6.1.5.5.7.3.2, expects TLS Web Server Authentication
2025-06-24 07:17:50 ++ Certificate has EKU (str) TLS Web Server Authentication, expects TLS Web Server Authentication
2025-06-24 07:17:50 VERIFY EKU OK
2025-06-24 07:17:50 VERIFY X509NAME OK: C=US, ST=WA, L=Redmond, O=Microsoft Corporation, CN=bb580072-2a78-454b-822f-268a3c8f9f19.vpn.azure.com
2025-06-24 07:17:50 VERIFY OK: depth=0, C=US, ST=WA, L=Redmond, O=Microsoft Corporation, CN=bb580072-2a78-454b-822f-268a3c8f9f19.vpn.azure.com
2025-06-24 07:17:50 Control Channel: TLSv1.3, cipher TLSv1.3 TLS_AES_256_GCM_SHA384, peer certificate: 2048 bit RSA, signature: RSA-SHA384
2025-06-24 07:17:50 [bb580072-2a78-454b-822f-268a3c8f9f19.vpn.azure.com] Peer Connection Initiated with [AF_INET]4.234.98.99:443
2025-06-24 07:17:50 TLS: move_session: dest=TM_ACTIVE src=TM_INITIAL reinit_src=1
2025-06-24 07:17:50 TLS: tls_multi_process: initial untrusted session promoted to trusted
2025-06-24 07:17:51 SENT CONTROL [bb580072-2a78-454b-822f-268a3c8f9f19.vpn.azure.com]: 'PUSH_REQUEST' (status=1)
2025-06-24 07:17:51 PUSH: Received control message: 'PUSH_REPLY,route 172.18.0.0 255.255.0.0,route-gateway 192.168.100.1,topology subnet,ifconfig 192.168.100.2 255.255.255.0,cipher AES-256-GCM'
2025-06-24 07:17:51 OPTIONS IMPORT: --ifconfig/up options modified
2025-06-24 07:17:51 OPTIONS IMPORT: route options modified
2025-06-24 07:17:51 OPTIONS IMPORT: route-related options modified
2025-06-24 07:17:51 Preserving previous TUN/TAP instance: tun0
2025-06-24 07:17:51 Initialization Sequence Completed
2025-06-24 07:17:51 Data Channel: cipher 'AES-256-GCM'
2025-06-24 08:12:56 VERIFY OK: depth=2, C=US, O=DigiCert Inc, OU=www.digicert.com, CN=DigiCert Global Root G2
2025-06-24 08:12:56 VERIFY OK: depth=1, C=US, O=Microsoft Corporation, CN=Microsoft Azure RSA TLS Issuing CA 08
2025-06-24 08:12:56 VERIFY KU OK
2025-06-24 08:12:56 Validating certificate extended key usage
2025-06-24 08:12:56 ++ Certificate has EKU (str) TLS Web Client Authentication, expects TLS Web Server Authentication
2025-06-24 08:12:56 ++ Certificate has EKU (oid) 1.3.6.1.5.5.7.3.2, expects TLS Web Server Authentication
2025-06-24 08:12:56 ++ Certificate has EKU (str) TLS Web Server Authentication, expects TLS Web Server Authentication
2025-06-24 08:12:56 VERIFY EKU OK
2025-06-24 08:12:56 VERIFY X509NAME OK: C=US, ST=WA, L=Redmond, O=Microsoft Corporation, CN=bb580072-2a78-454b-822f-268a3c8f9f19.vpn.azure.com
2025-06-24 08:12:56 VERIFY OK: depth=0, C=US, ST=WA, L=Redmond, O=Microsoft Corporation, CN=bb580072-2a78-454b-822f-268a3c8f9f19.vpn.azure.com
2025-06-24 08:12:56 Control Channel: TLSv1.3, cipher TLSv1.3 TLS_AES_256_GCM_SHA384, peer certificate: 2048 bit RSA, signature: RSA-SHA384
2025-06-24 09:08:06 VERIFY OK: depth=2, C=US, O=DigiCert Inc, OU=www.digicert.com, CN=DigiCert Global Root G2
2025-06-24 09:08:06 VERIFY OK: depth=1, C=US, O=Microsoft Corporation, CN=Microsoft Azure RSA TLS Issuing CA 08
2025-06-24 09:08:06 VERIFY KU OK
2025-06-24 09:08:06 Validating certificate extended key usage
2025-06-24 09:08:06 ++ Certificate has EKU (str) TLS Web Client Authentication, expects TLS Web Server Authentication
2025-06-24 09:08:06 ++ Certificate has EKU (oid) 1.3.6.1.5.5.7.3.2, expects TLS Web Server Authentication
2025-06-24 09:08:06 ++ Certificate has EKU (str) TLS Web Server Authentication, expects TLS Web Server Authentication
2025-06-24 09:08:06 VERIFY EKU OK
2025-06-24 09:08:06 VERIFY X509NAME OK: C=US, ST=WA, L=Redmond, O=Microsoft Corporation, CN=bb580072-2a78-454b-822f-268a3c8f9f19.vpn.azure.com
2025-06-24 09:08:06 VERIFY OK: depth=0, C=US, ST=WA, L=Redmond, O=Microsoft Corporation, CN=bb580072-2a78-454b-822f-268a3c8f9f19.vpn.azure.com
2025-06-24 09:08:06 Control Channel: TLSv1.3, cipher TLSv1.3 TLS_AES_256_GCM_SHA384, peer certificate: 2048 bit RSA, signature: RSA-SHA384
2025-06-24 10:03:16 VERIFY OK: depth=2, C=US, O=DigiCert Inc, OU=www.digicert.com, CN=DigiCert Global Root G2
2025-06-24 10:03:16 VERIFY OK: depth=1, C=US, O=Microsoft Corporation, CN=Microsoft Azure RSA TLS Issuing CA 08
2025-06-24 10:03:16 VERIFY KU OK
2025-06-24 10:03:16 Validating certificate extended key usage
2025-06-24 10:03:16 ++ Certificate has EKU (str) TLS Web Client Authentication, expects TLS Web Server Authentication
2025-06-24 10:03:16 ++ Certificate has EKU (oid) 1.3.6.1.5.5.7.3.2, expects TLS Web Server Authentication
2025-06-24 10:03:16 ++ Certificate has EKU (str) TLS Web Server Authentication, expects TLS Web Server Authentication
2025-06-24 10:03:16 VERIFY EKU OK
2025-06-24 10:03:16 VERIFY X509NAME OK: C=US, ST=WA, L=Redmond, O=Microsoft Corporation, CN=bb580072-2a78-454b-822f-268a3c8f9f19.vpn.azure.com
2025-06-24 10:03:16 VERIFY OK: depth=0, C=US, ST=WA, L=Redmond, O=Microsoft Corporation, CN=bb580072-2a78-454b-822f-268a3c8f9f19.vpn.azure.com
2025-06-24 10:03:16 Control Channel: TLSv1.3, cipher TLSv1.3 TLS_AES_256_GCM_SHA384, peer certificate: 2048 bit RSA, signature: RSA-SHA384
2025-06-24 10:58:26 VERIFY OK: depth=2, C=US, O=DigiCert Inc, OU=www.digicert.com, CN=DigiCert Global Root G2
2025-06-24 10:58:26 VERIFY OK: depth=1, C=US, O=Microsoft Corporation, CN=Microsoft Azure RSA TLS Issuing CA 08
2025-06-24 10:58:26 VERIFY KU OK
2025-06-24 10:58:26 Validating certificate extended key usage
2025-06-24 10:58:26 ++ Certificate has EKU (str) TLS Web Client Authentication, expects TLS Web Server Authentication
2025-06-24 10:58:26 ++ Certificate has EKU (oid) 1.3.6.1.5.5.7.3.2, expects TLS Web Server Authentication
2025-06-24 10:58:26 ++ Certificate has EKU (str) TLS Web Server Authentication, expects TLS Web Server Authentication
2025-06-24 10:58:26 VERIFY EKU OK
2025-06-24 10:58:26 VERIFY X509NAME OK: C=US, ST=WA, L=Redmond, O=Microsoft Corporation, CN=bb580072-2a78-454b-822f-268a3c8f9f19.vpn.azure.com
2025-06-24 10:58:26 VERIFY OK: depth=0, C=US, ST=WA, L=Redmond, O=Microsoft Corporation, CN=bb580072-2a78-454b-822f-268a3c8f9f19.vpn.azure.com
2025-06-24 10:58:26 Control Channel: TLSv1.3, cipher TLSv1.3 TLS_AES_256_GCM_SHA384, peer certificate: 2048 bit RSA, signature: RSA-SHA384
2025-06-24 11:53:36 VERIFY OK: depth=2, C=US, O=DigiCert Inc, OU=www.digicert.com, CN=DigiCert Global Root G2
2025-06-24 11:53:36 VERIFY OK: depth=1, C=US, O=Microsoft Corporation, CN=Microsoft Azure RSA TLS Issuing CA 08
2025-06-24 11:53:36 VERIFY KU OK
2025-06-24 11:53:36 Validating certificate extended key usage
2025-06-24 11:53:36 ++ Certificate has EKU (str) TLS Web Client Authentication, expects TLS Web Server Authentication
2025-06-24 11:53:36 ++ Certificate has EKU (oid) 1.3.6.1.5.5.7.3.2, expects TLS Web Server Authentication
2025-06-24 11:53:36 ++ Certificate has EKU (str) TLS Web Server Authentication, expects TLS Web Server Authentication
2025-06-24 11:53:36 VERIFY EKU OK
2025-06-24 11:53:36 VERIFY X509NAME OK: C=US, ST=WA, L=Redmond, O=Microsoft Corporation, CN=bb580072-2a78-454b-822f-268a3c8f9f19.vpn.azure.com
2025-06-24 11:53:36 VERIFY OK: depth=0, C=US, ST=WA, L=Redmond, O=Microsoft Corporation, CN=bb580072-2a78-454b-822f-268a3c8f9f19.vpn.azure.com
2025-06-24 11:53:37 Control Channel: TLSv1.3, cipher TLSv1.3 TLS_AES_256_GCM_SHA384, peer certificate: 2048 bit RSA, signature: RSA-SHA384
2025-06-24 12:48:47 VERIFY OK: depth=2, C=US, O=DigiCert Inc, OU=www.digicert.com, CN=DigiCert Global Root G2
2025-06-24 12:48:47 VERIFY OK: depth=1, C=US, O=Microsoft Corporation, CN=Microsoft Azure RSA TLS Issuing CA 08
2025-06-24 12:48:47 VERIFY KU OK
2025-06-24 12:48:47 Validating certificate extended key usage
2025-06-24 12:48:47 ++ Certificate has EKU (str) TLS Web Client Authentication, expects TLS Web Server Authentication
2025-06-24 12:48:47 ++ Certificate has EKU (oid) 1.3.6.1.5.5.7.3.2, expects TLS Web Server Authentication
2025-06-24 12:48:47 ++ Certificate has EKU (str) TLS Web Server Authentication, expects TLS Web Server Authentication
2025-06-24 12:48:47 VERIFY EKU OK
2025-06-24 12:48:47 VERIFY X509NAME OK: C=US, ST=WA, L=Redmond, O=Microsoft Corporation, CN=bb580072-2a78-454b-822f-268a3c8f9f19.vpn.azure.com
2025-06-24 12:48:47 VERIFY OK: depth=0, C=US, ST=WA, L=Redmond, O=Microsoft Corporation, CN=bb580072-2a78-454b-822f-268a3c8f9f19.vpn.azure.com
2025-06-24 12:48:47 Control Channel: TLSv1.3, cipher TLSv1.3 TLS_AES_256_GCM_SHA384, peer certificate: 2048 bit RSA, signature: RSA-SHA384
2025-06-24 13:43:57 VERIFY OK: depth=2, C=US, O=DigiCert Inc, OU=www.digicert.com, CN=DigiCert Global Root G2
2025-06-24 13:43:57 VERIFY OK: depth=1, C=US, O=Microsoft Corporation, CN=Microsoft Azure RSA TLS Issuing CA 08
2025-06-24 13:43:57 VERIFY KU OK
2025-06-24 13:43:57 Validating certificate extended key usage
2025-06-24 13:43:57 ++ Certificate has EKU (str) TLS Web Client Authentication, expects TLS Web Server Authentication
2025-06-24 13:43:57 ++ Certificate has EKU (oid) 1.3.6.1.5.5.7.3.2, expects TLS Web Server Authentication
2025-06-24 13:43:57 ++ Certificate has EKU (str) TLS Web Server Authentication, expects TLS Web Server Authentication
2025-06-24 13:43:57 VERIFY EKU OK
2025-06-24 13:43:57 VERIFY X509NAME OK: C=US, ST=WA, L=Redmond, O=Microsoft Corporation, CN=bb580072-2a78-454b-822f-268a3c8f9f19.vpn.azure.com
2025-06-24 13:43:57 VERIFY OK: depth=0, C=US, ST=WA, L=Redmond, O=Microsoft Corporation, CN=bb580072-2a78-454b-822f-268a3c8f9f19.vpn.azure.com
2025-06-24 13:43:57 Control Channel: TLSv1.3, cipher TLSv1.3 TLS_AES_256_GCM_SHA384, peer certificate: 2048 bit RSA, signature: RSA-SHA384
2025-06-24 14:39:07 VERIFY OK: depth=2, C=US, O=DigiCert Inc, OU=www.digicert.com, CN=DigiCert Global Root G2
2025-06-24 14:39:07 VERIFY OK: depth=1, C=US, O=Microsoft Corporation, CN=Microsoft Azure RSA TLS Issuing CA 08
2025-06-24 14:39:07 VERIFY KU OK
2025-06-24 14:39:07 Validating certificate extended key usage
2025-06-24 14:39:07 ++ Certificate has EKU (str) TLS Web Client Authentication, expects TLS Web Server Authentication
2025-06-24 14:39:07 ++ Certificate has EKU (oid) 1.3.6.1.5.5.7.3.2, expects TLS Web Server Authentication
2025-06-24 14:39:07 ++ Certificate has EKU (str) TLS Web Server Authentication, expects TLS Web Server Authentication
2025-06-24 14:39:07 VERIFY EKU OK
2025-06-24 14:39:07 VERIFY X509NAME OK: C=US, ST=WA, L=Redmond, O=Microsoft Corporation, CN=bb580072-2a78-454b-822f-268a3c8f9f19.vpn.azure.com
2025-06-24 14:39:07 VERIFY OK: depth=0, C=US, ST=WA, L=Redmond, O=Microsoft Corporation, CN=bb580072-2a78-454b-822f-268a3c8f9f19.vpn.azure.com
2025-06-24 14:39:07 Control Channel: TLSv1.3, cipher TLSv1.3 TLS_AES_256_GCM_SHA384, peer certificate: 2048 bit RSA, signature: RSA-SHA384
2025-06-24 15:34:17 VERIFY OK: depth=2, C=US, O=DigiCert Inc, OU=www.digicert.com, CN=DigiCert Global Root G2
2025-06-24 15:34:17 VERIFY OK: depth=1, C=US, O=Microsoft Corporation, CN=Microsoft Azure RSA TLS Issuing CA 08
2025-06-24 15:34:17 VERIFY KU OK
2025-06-24 15:34:17 Validating certificate extended key usage
2025-06-24 15:34:17 ++ Certificate has EKU (str) TLS Web Client Authentication, expects TLS Web Server Authentication
2025-06-24 15:34:17 ++ Certificate has EKU (oid) 1.3.6.1.5.5.7.3.2, expects TLS Web Server Authentication
2025-06-24 15:34:17 ++ Certificate has EKU (str) TLS Web Server Authentication, expects TLS Web Server Authentication
2025-06-24 15:34:17 VERIFY EKU OK
2025-06-24 15:34:17 VERIFY X509NAME OK: C=US, ST=WA, L=Redmond, O=Microsoft Corporation, CN=bb580072-2a78-454b-822f-268a3c8f9f19.vpn.azure.com
2025-06-24 15:34:17 VERIFY OK: depth=0, C=US, ST=WA, L=Redmond, O=Microsoft Corporation, CN=bb580072-2a78-454b-822f-268a3c8f9f19.vpn.azure.com
2025-06-24 15:34:17 Control Channel: TLSv1.3, cipher TLSv1.3 TLS_AES_256_GCM_SHA384, peer certificate: 2048 bit RSA, signature: RSA-SHA384
2025-06-24 16:29:27 VERIFY OK: depth=2, C=US, O=DigiCert Inc, OU=www.digicert.com, CN=DigiCert Global Root G2
2025-06-24 16:29:27 VERIFY OK: depth=1, C=US, O=Microsoft Corporation, CN=Microsoft Azure RSA TLS Issuing CA 08
2025-06-24 16:29:27 VERIFY KU OK
2025-06-24 16:29:27 Validating certificate extended key usage
2025-06-24 16:29:27 ++ Certificate has EKU (str) TLS Web Client Authentication, expects TLS Web Server Authentication
2025-06-24 16:29:27 ++ Certificate has EKU (oid) 1.3.6.1.5.5.7.3.2, expects TLS Web Server Authentication
2025-06-24 16:29:27 ++ Certificate has EKU (str) TLS Web Server Authentication, expects TLS Web Server Authentication
2025-06-24 16:29:27 VERIFY EKU OK
2025-06-24 16:29:27 VERIFY X509NAME OK: C=US, ST=WA, L=Redmond, O=Microsoft Corporation, CN=bb580072-2a78-454b-822f-268a3c8f9f19.vpn.azure.com
2025-06-24 16:29:27 VERIFY OK: depth=0, C=US, ST=WA, L=Redmond, O=Microsoft Corporation, CN=bb580072-2a78-454b-822f-268a3c8f9f19.vpn.azure.com
2025-06-24 16:29:27 Control Channel: TLSv1.3, cipher TLSv1.3 TLS_AES_256_GCM_SHA384, peer certificate: 2048 bit RSA, signature: RSA-SHA384
2025-06-24 17:24:37 VERIFY OK: depth=2, C=US, O=DigiCert Inc, OU=www.digicert.com, CN=DigiCert Global Root G2
2025-06-24 17:24:37 VERIFY OK: depth=1, C=US, O=Microsoft Corporation, CN=Microsoft Azure RSA TLS Issuing CA 08
2025-06-24 17:24:37 VERIFY KU OK
2025-06-24 17:24:37 Validating certificate extended key usage
2025-06-24 17:24:37 ++ Certificate has EKU (str) TLS Web Client Authentication, expects TLS Web Server Authentication
2025-06-24 17:24:37 ++ Certificate has EKU (oid) 1.3.6.1.5.5.7.3.2, expects TLS Web Server Authentication
2025-06-24 17:24:37 ++ Certificate has EKU (str) TLS Web Server Authentication, expects TLS Web Server Authentication
2025-06-24 17:24:37 VERIFY EKU OK
2025-06-24 17:24:37 VERIFY X509NAME OK: C=US, ST=WA, L=Redmond, O=Microsoft Corporation, CN=bb580072-2a78-454b-822f-268a3c8f9f19.vpn.azure.com
2025-06-24 17:24:37 VERIFY OK: depth=0, C=US, ST=WA, L=Redmond, O=Microsoft Corporation, CN=bb580072-2a78-454b-822f-268a3c8f9f19.vpn.azure.com
2025-06-24 17:24:37 Control Channel: TLSv1.3, cipher TLSv1.3 TLS_AES_256_GCM_SHA384, peer certificate: 2048 bit RSA, signature: RSA-SHA384
2025-06-24 18:19:47 VERIFY OK: depth=2, C=US, O=DigiCert Inc, OU=www.digicert.com, CN=DigiCert Global Root G2
2025-06-24 18:19:47 VERIFY OK: depth=1, C=US, O=Microsoft Corporation, CN=Microsoft Azure RSA TLS Issuing CA 08
2025-06-24 18:19:47 VERIFY KU OK
2025-06-24 18:19:47 Validating certificate extended key usage
2025-06-24 18:19:47 ++ Certificate has EKU (str) TLS Web Client Authentication, expects TLS Web Server Authentication
2025-06-24 18:19:47 ++ Certificate has EKU (oid) 1.3.6.1.5.5.7.3.2, expects TLS Web Server Authentication
2025-06-24 18:19:47 ++ Certificate has EKU (str) TLS Web Server Authentication, expects TLS Web Server Authentication
2025-06-24 18:19:47 VERIFY EKU OK
2025-06-24 18:19:47 VERIFY X509NAME OK: C=US, ST=WA, L=Redmond, O=Microsoft Corporation, CN=bb580072-2a78-454b-822f-268a3c8f9f19.vpn.azure.com
2025-06-24 18:19:47 VERIFY OK: depth=0, C=US, ST=WA, L=Redmond, O=Microsoft Corporation, CN=bb580072-2a78-454b-822f-268a3c8f9f19.vpn.azure.com
2025-06-24 18:19:47 Control Channel: TLSv1.3, cipher TLSv1.3 TLS_AES_256_GCM_SHA384, peer certificate: 2048 bit RSA, signature: RSA-SHA384
2025-06-24 19:14:57 VERIFY OK: depth=2, C=US, O=DigiCert Inc, OU=www.digicert.com, CN=DigiCert Global Root G2
2025-06-24 19:14:57 VERIFY OK: depth=1, C=US, O=Microsoft Corporation, CN=Microsoft Azure RSA TLS Issuing CA 08
2025-06-24 19:14:57 VERIFY KU OK
2025-06-24 19:14:57 Validating certificate extended key usage
2025-06-24 19:14:57 ++ Certificate has EKU (str) TLS Web Client Authentication, expects TLS Web Server Authentication
2025-06-24 19:14:57 ++ Certificate has EKU (oid) 1.3.6.1.5.5.7.3.2, expects TLS Web Server Authentication
2025-06-24 19:14:57 ++ Certificate has EKU (str) TLS Web Server Authentication, expects TLS Web Server Authentication
2025-06-24 19:14:57 VERIFY EKU OK
2025-06-24 19:14:57 VERIFY X509NAME OK: C=US, ST=WA, L=Redmond, O=Microsoft Corporation, CN=bb580072-2a78-454b-822f-268a3c8f9f19.vpn.azure.com
2025-06-24 19:14:57 VERIFY OK: depth=0, C=US, ST=WA, L=Redmond, O=Microsoft Corporation, CN=bb580072-2a78-454b-822f-268a3c8f9f19.vpn.azure.com
2025-06-24 19:14:57 Control Channel: TLSv1.3, cipher TLSv1.3 TLS_AES_256_GCM_SHA384, peer certificate: 2048 bit RSA, signature: RSA-SHA384
2025-06-24 20:10:07 VERIFY OK: depth=2, C=US, O=DigiCert Inc, OU=www.digicert.com, CN=DigiCert Global Root G2
2025-06-24 20:10:07 VERIFY OK: depth=1, C=US, O=Microsoft Corporation, CN=Microsoft Azure RSA TLS Issuing CA 08
2025-06-24 20:10:07 VERIFY KU OK
2025-06-24 20:10:07 Validating certificate extended key usage
2025-06-24 20:10:07 ++ Certificate has EKU (str) TLS Web Client Authentication, expects TLS Web Server Authentication
2025-06-24 20:10:07 ++ Certificate has EKU (oid) 1.3.6.1.5.5.7.3.2, expects TLS Web Server Authentication
2025-06-24 20:10:07 ++ Certificate has EKU (str) TLS Web Server Authentication, expects TLS Web Server Authentication
2025-06-24 20:10:07 VERIFY EKU OK
2025-06-24 20:10:07 VERIFY X509NAME OK: C=US, ST=WA, L=Redmond, O=Microsoft Corporation, CN=bb580072-2a78-454b-822f-268a3c8f9f19.vpn.azure.com
2025-06-24 20:10:07 VERIFY OK: depth=0, C=US, ST=WA, L=Redmond, O=Microsoft Corporation, CN=bb580072-2a78-454b-822f-268a3c8f9f19.vpn.azure.com
2025-06-24 20:10:07 Control Channel: TLSv1.3, cipher TLSv1.3 TLS_AES_256_GCM_SHA384, peer certificate: 2048 bit RSA, signature: RSA-SHA384
2025-06-24 21:05:17 VERIFY OK: depth=2, C=US, O=DigiCert Inc, OU=www.digicert.com, CN=DigiCert Global Root G2
2025-06-24 21:05:17 VERIFY OK: depth=1, C=US, O=Microsoft Corporation, CN=Microsoft Azure RSA TLS Issuing CA 08
2025-06-24 21:05:17 VERIFY KU OK
2025-06-24 21:05:17 Validating certificate extended key usage
2025-06-24 21:05:17 ++ Certificate has EKU (str) TLS Web Client Authentication, expects TLS Web Server Authentication
2025-06-24 21:05:17 ++ Certificate has EKU (oid) 1.3.6.1.5.5.7.3.2, expects TLS Web Server Authentication
2025-06-24 21:05:17 ++ Certificate has EKU (str) TLS Web Server Authentication, expects TLS Web Server Authentication
2025-06-24 21:05:17 VERIFY EKU OK
2025-06-24 21:05:17 VERIFY X509NAME OK: C=US, ST=WA, L=Redmond, O=Microsoft Corporation, CN=bb580072-2a78-454b-822f-268a3c8f9f19.vpn.azure.com
2025-06-24 21:05:17 VERIFY OK: depth=0, C=US, ST=WA, L=Redmond, O=Microsoft Corporation, CN=bb580072-2a78-454b-822f-268a3c8f9f19.vpn.azure.com
2025-06-24 21:05:17 Control Channel: TLSv1.3, cipher TLSv1.3 TLS_AES_256_GCM_SHA384, peer certificate: 2048 bit RSA, signature: RSA-SHA384
2025-06-24 22:00:27 VERIFY OK: depth=2, C=US, O=DigiCert Inc, OU=www.digicert.com, CN=DigiCert Global Root G2
2025-06-24 22:00:27 VERIFY OK: depth=1, C=US, O=Microsoft Corporation, CN=Microsoft Azure RSA TLS Issuing CA 08
2025-06-24 22:00:27 VERIFY KU OK
2025-06-24 22:00:27 Validating certificate extended key usage
2025-06-24 22:00:27 ++ Certificate has EKU (str) TLS Web Client Authentication, expects TLS Web Server Authentication
2025-06-24 22:00:27 ++ Certificate has EKU (oid) 1.3.6.1.5.5.7.3.2, expects TLS Web Server Authentication
2025-06-24 22:00:27 ++ Certificate has EKU (str) TLS Web Server Authentication, expects TLS Web Server Authentication
2025-06-24 22:00:27 VERIFY EKU OK
2025-06-24 22:00:27 VERIFY X509NAME OK: C=US, ST=WA, L=Redmond, O=Microsoft Corporation, CN=bb580072-2a78-454b-822f-268a3c8f9f19.vpn.azure.com
2025-06-24 22:00:27 VERIFY OK: depth=0, C=US, ST=WA, L=Redmond, O=Microsoft Corporation, CN=bb580072-2a78-454b-822f-268a3c8f9f19.vpn.azure.com
2025-06-24 22:00:27 Control Channel: TLSv1.3, cipher TLSv1.3 TLS_AES_256_GCM_SHA384, peer certificate: 2048 bit RSA, signature: RSA-SHA384
2025-06-24 22:55:37 VERIFY OK: depth=2, C=US, O=DigiCert Inc, OU=www.digicert.com, CN=DigiCert Global Root G2
2025-06-24 22:55:37 VERIFY OK: depth=1, C=US, O=Microsoft Corporation, CN=Microsoft Azure RSA TLS Issuing CA 08
2025-06-24 22:55:37 VERIFY KU OK
2025-06-24 22:55:37 Validating certificate extended key usage
2025-06-24 22:55:37 ++ Certificate has EKU (str) TLS Web Client Authentication, expects TLS Web Server Authentication
2025-06-24 22:55:37 ++ Certificate has EKU (oid) 1.3.6.1.5.5.7.3.2, expects TLS Web Server Authentication
2025-06-24 22:55:37 ++ Certificate has EKU (str) TLS Web Server Authentication, expects TLS Web Server Authentication
2025-06-24 22:55:37 VERIFY EKU OK
2025-06-24 22:55:37 VERIFY X509NAME OK: C=US, ST=WA, L=Redmond, O=Microsoft Corporation, CN=bb580072-2a78-454b-822f-268a3c8f9f19.vpn.azure.com
2025-06-24 22:55:37 VERIFY OK: depth=0, C=US, ST=WA, L=Redmond, O=Microsoft Corporation, CN=bb580072-2a78-454b-822f-268a3c8f9f19.vpn.azure.com
2025-06-24 22:55:37 Control Channel: TLSv1.3, cipher TLSv1.3 TLS_AES_256_GCM_SHA384, peer certificate: 2048 bit RSA, signature: RSA-SHA384
2025-06-24 23:50:47 VERIFY OK: depth=2, C=US, O=DigiCert Inc, OU=www.digicert.com, CN=DigiCert Global Root G2
2025-06-24 23:50:47 VERIFY OK: depth=1, C=US, O=Microsoft Corporation, CN=Microsoft Azure RSA TLS Issuing CA 08
2025-06-24 23:50:47 VERIFY KU OK
2025-06-24 23:50:47 Validating certificate extended key usage
2025-06-24 23:50:47 ++ Certificate has EKU (str) TLS Web Client Authentication, expects TLS Web Server Authentication
2025-06-24 23:50:47 ++ Certificate has EKU (oid) 1.3.6.1.5.5.7.3.2, expects TLS Web Server Authentication
2025-06-24 23:50:47 ++ Certificate has EKU (str) TLS Web Server Authentication, expects TLS Web Server Authentication
2025-06-24 23:50:47 VERIFY EKU OK
2025-06-24 23:50:47 VERIFY X509NAME OK: C=US, ST=WA, L=Redmond, O=Microsoft Corporation, CN=bb580072-2a78-454b-822f-268a3c8f9f19.vpn.azure.com
2025-06-24 23:50:47 VERIFY OK: depth=0, C=US, ST=WA, L=Redmond, O=Microsoft Corporation, CN=bb580072-2a78-454b-822f-268a3c8f9f19.vpn.azure.com
2025-06-24 23:50:48 Control Channel: TLSv1.3, cipher TLSv1.3 TLS_AES_256_GCM_SHA384, peer certificate: 2048 bit RSA, signature: RSA-SHA384
2025-06-25 00:50:48 TLS: soft reset sec=3600/3600 bytes=1221/-1 pkts=33/0
2025-06-25 00:51:48 TLS Error: TLS key negotiation failed to occur within 60 seconds (check your network connectivity)
2025-06-25 00:51:48 TLS Error: TLS handshake failed
2025-06-25 00:51:48 TLS: move_session: dest=TM_LAME_DUCK src=TM_ACTIVE reinit_src=1
2025-06-25 00:51:48 Fatal TLS error (check_tls_errors_co), restarting
2025-06-25 00:51:48 SIGUSR1[soft,tls-error] received, process restarting
2025-06-25 00:51:48 Restart pause, 1 second(s)
2025-06-25 00:51:49 TCP/UDP: Preserving recently used remote address: [AF_INET]4.234.98.99:443
2025-06-25 00:51:49 Socket Buffers: R=[131072->131072] S=[16384->16384]
2025-06-25 00:51:49 Attempting to establish TCP connection with [AF_INET]4.234.98.99:443
2025-06-25 00:51:49 TCP connection established with [AF_INET]4.234.98.99:443
2025-06-25 00:51:49 TCPv4_CLIENT link local: (not bound)
2025-06-25 00:51:49 TCPv4_CLIENT link remote: [AF_INET]4.234.98.99:443
2025-06-25 00:51:49 TLS: Initial packet from [AF_INET]4.234.98.99:443, sid=bd048e03 dd1f4d69
2025-06-25 00:51:49 VERIFY OK: depth=2, C=US, O=DigiCert Inc, OU=www.digicert.com, CN=DigiCert Global Root G2
2025-06-25 00:51:49 VERIFY OK: depth=1, C=US, O=Microsoft Corporation, CN=Microsoft Azure RSA TLS Issuing CA 08
2025-06-25 00:51:49 VERIFY KU OK
2025-06-25 00:51:49 Validating certificate extended key usage
2025-06-25 00:51:49 ++ Certificate has EKU (str) TLS Web Client Authentication, expects TLS Web Server Authentication
2025-06-25 00:51:49 ++ Certificate has EKU (oid) 1.3.6.1.5.5.7.3.2, expects TLS Web Server Authentication
2025-06-25 00:51:49 ++ Certificate has EKU (str) TLS Web Server Authentication, expects TLS Web Server Authentication
2025-06-25 00:51:49 VERIFY EKU OK
2025-06-25 00:51:49 VERIFY X509NAME OK: C=US, ST=WA, L=Redmond, O=Microsoft Corporation, CN=bb580072-2a78-454b-822f-268a3c8f9f19.vpn.azure.com
2025-06-25 00:51:49 VERIFY OK: depth=0, C=US, ST=WA, L=Redmond, O=Microsoft Corporation, CN=bb580072-2a78-454b-822f-268a3c8f9f19.vpn.azure.com
2025-06-25 00:51:50 Control Channel: TLSv1.3, cipher TLSv1.3 TLS_AES_256_GCM_SHA384, peer certificate: 2048 bit RSA, signature: RSA-SHA384
2025-06-25 00:51:50 [bb580072-2a78-454b-822f-268a3c8f9f19.vpn.azure.com] Peer Connection Initiated with [AF_INET]4.234.98.99:443
2025-06-25 00:51:50 TLS: move_session: dest=TM_ACTIVE src=TM_INITIAL reinit_src=1
2025-06-25 00:51:50 TLS: tls_multi_process: initial untrusted session promoted to trusted
2025-06-25 00:51:51 SENT CONTROL [bb580072-2a78-454b-822f-268a3c8f9f19.vpn.azure.com]: 'PUSH_REQUEST' (status=1)
2025-06-25 00:51:51 PUSH: Received control message: 'PUSH_REPLY,route 172.18.0.0 255.255.0.0,route-gateway 192.168.100.1,topology subnet,ifconfig 192.168.100.3 255.255.255.0,cipher AES-256-GCM'
2025-06-25 00:51:51 OPTIONS IMPORT: --ifconfig/up options modified
2025-06-25 00:51:51 OPTIONS IMPORT: route options modified
2025-06-25 00:51:51 OPTIONS IMPORT: route-related options modified
2025-06-25 00:51:51 Preserving previous TUN/TAP instance: tun0
2025-06-25 00:51:51 NOTE: Pulled options changed on restart, will need to close and reopen TUN/TAP device.
2025-06-25 00:51:51 net_route_v4_del: 172.18.0.0/16 via 192.168.100.1 dev [NULL] table 0 metric -1
2025-06-25 00:51:51 Closing TUN/TAP interface
2025-06-25 00:51:51 net_addr_v4_del: 192.168.100.2 dev tun0
2025-06-25 00:51:52 net_route_v4_best_gw query: dst 0.0.0.0
2025-06-25 00:51:52 net_route_v4_best_gw result: via 192.168.1.1 dev ens19
2025-06-25 00:51:52 ROUTE_GATEWAY 192.168.1.1/255.255.255.0 IFACE=ens19 HWADDR=bc:24:11:ce:fe:63
2025-06-25 00:51:52 TUN/TAP device tun0 opened
2025-06-25 00:51:52 net_iface_mtu_set: mtu 1500 for tun0
2025-06-25 00:51:52 net_iface_up: set tun0 up
2025-06-25 00:51:52 net_addr_v4_add: 192.168.100.3/24 dev tun0
2025-06-25 00:51:52 net_route_v4_add: 172.18.0.0/16 via 192.168.100.1 dev [NULL] table 0 metric -1
2025-06-25 00:51:52 Initialization Sequence Completed
2025-06-25 00:51:52 Data Channel: cipher 'AES-256-GCM'
2025-06-25 01:46:58 VERIFY OK: depth=2, C=US, O=DigiCert Inc, OU=www.digicert.com, CN=DigiCert Global Root G2
2025-06-25 01:46:58 VERIFY OK: depth=1, C=US, O=Microsoft Corporation, CN=Microsoft Azure RSA TLS Issuing CA 08
2025-06-25 01:46:58 VERIFY KU OK
2025-06-25 01:46:58 Validating certificate extended key usage
2025-06-25 01:46:58 ++ Certificate has EKU (str) TLS Web Client Authentication, expects TLS Web Server Authentication
2025-06-25 01:46:58 ++ Certificate has EKU (oid) 1.3.6.1.5.5.7.3.2, expects TLS Web Server Authentication
2025-06-25 01:46:58 ++ Certificate has EKU (str) TLS Web Server Authentication, expects TLS Web Server Authentication
2025-06-25 01:46:58 VERIFY EKU OK
2025-06-25 01:46:58 VERIFY X509NAME OK: C=US, ST=WA, L=Redmond, O=Microsoft Corporation, CN=bb580072-2a78-454b-822f-268a3c8f9f19.vpn.azure.com
2025-06-25 01:46:58 VERIFY OK: depth=0, C=US, ST=WA, L=Redmond, O=Microsoft Corporation, CN=bb580072-2a78-454b-822f-268a3c8f9f19.vpn.azure.com
2025-06-25 01:47:57 TLS Error: TLS key negotiation failed to occur within 60 seconds (check your network connectivity)
2025-06-25 01:47:57 TLS Error: TLS handshake failed
2025-06-25 01:47:57 TLS: move_session: dest=TM_LAME_DUCK src=TM_ACTIVE reinit_src=1
2025-06-25 01:47:57 Fatal TLS error (check_tls_errors_co), restarting
2025-06-25 01:47:57 SIGUSR1[soft,tls-error] received, process restarting
2025-06-25 01:47:57 Restart pause, 1 second(s)
2025-06-25 01:47:58 TCP/UDP: Preserving recently used remote address: [AF_INET]4.234.98.99:443
2025-06-25 01:47:58 Socket Buffers: R=[131072->131072] S=[16384->16384]
2025-06-25 01:47:58 Attempting to establish TCP connection with [AF_INET]4.234.98.99:443
2025-06-25 01:47:58 TCP connection established with [AF_INET]4.234.98.99:443
2025-06-25 01:47:58 TCPv4_CLIENT link local: (not bound)
2025-06-25 01:47:58 TCPv4_CLIENT link remote: [AF_INET]4.234.98.99:443
2025-06-25 01:47:58 TLS: Initial packet from [AF_INET]4.234.98.99:443, sid=14402558 ec1878cc
2025-06-25 01:47:58 VERIFY OK: depth=2, C=US, O=DigiCert Inc, OU=www.digicert.com, CN=DigiCert Global Root G2
2025-06-25 01:47:58 VERIFY OK: depth=1, C=US, O=Microsoft Corporation, CN=Microsoft Azure RSA TLS Issuing CA 08
2025-06-25 01:47:58 VERIFY KU OK
2025-06-25 01:47:58 Validating certificate extended key usage
2025-06-25 01:47:58 ++ Certificate has EKU (str) TLS Web Client Authentication, expects TLS Web Server Authentication
2025-06-25 01:47:58 ++ Certificate has EKU (oid) 1.3.6.1.5.5.7.3.2, expects TLS Web Server Authentication
2025-06-25 01:47:58 ++ Certificate has EKU (str) TLS Web Server Authentication, expects TLS Web Server Authentication
2025-06-25 01:47:58 VERIFY EKU OK
2025-06-25 01:47:58 VERIFY X509NAME OK: C=US, ST=WA, L=Redmond, O=Microsoft Corporation, CN=bb580072-2a78-454b-822f-268a3c8f9f19.vpn.azure.com
2025-06-25 01:47:58 VERIFY OK: depth=0, C=US, ST=WA, L=Redmond, O=Microsoft Corporation, CN=bb580072-2a78-454b-822f-268a3c8f9f19.vpn.azure.com
2025-06-25 01:47:59 Control Channel: TLSv1.3, cipher TLSv1.3 TLS_AES_256_GCM_SHA384, peer certificate: 2048 bit RSA, signature: RSA-SHA384
2025-06-25 01:47:59 [bb580072-2a78-454b-822f-268a3c8f9f19.vpn.azure.com] Peer Connection Initiated with [AF_INET]4.234.98.99:443
2025-06-25 01:47:59 TLS: move_session: dest=TM_ACTIVE src=TM_INITIAL reinit_src=1
2025-06-25 01:47:59 TLS: tls_multi_process: initial untrusted session promoted to trusted
2025-06-25 01:48:00 SENT CONTROL [bb580072-2a78-454b-822f-268a3c8f9f19.vpn.azure.com]: 'PUSH_REQUEST' (status=1)
2025-06-25 01:48:00 PUSH: Received control message: 'PUSH_REPLY,route 172.18.0.0 255.255.0.0,route-gateway 192.168.100.1,topology subnet,ifconfig 192.168.100.3 255.255.255.0,cipher AES-256-GCM'
2025-06-25 01:48:00 OPTIONS IMPORT: --ifconfig/up options modified
2025-06-25 01:48:00 OPTIONS IMPORT: route options modified
2025-06-25 01:48:00 OPTIONS IMPORT: route-related options modified
2025-06-25 01:48:00 Preserving previous TUN/TAP instance: tun0
2025-06-25 01:48:00 Initialization Sequence Completed
2025-06-25 01:48:00 Data Channel: cipher 'AES-256-GCM'
2025-06-25 02:43:08 VERIFY OK: depth=2, C=US, O=DigiCert Inc, OU=www.digicert.com, CN=DigiCert Global Root G2
2025-06-25 02:43:08 VERIFY OK: depth=1, C=US, O=Microsoft Corporation, CN=Microsoft Azure RSA TLS Issuing CA 08
2025-06-25 02:43:08 VERIFY KU OK
2025-06-25 02:43:08 Validating certificate extended key usage
2025-06-25 02:43:08 ++ Certificate has EKU (str) TLS Web Client Authentication, expects TLS Web Server Authentication
2025-06-25 02:43:08 ++ Certificate has EKU (oid) 1.3.6.1.5.5.7.3.2, expects TLS Web Server Authentication
2025-06-25 02:43:08 ++ Certificate has EKU (str) TLS Web Server Authentication, expects TLS Web Server Authentication
2025-06-25 02:43:08 VERIFY EKU OK
2025-06-25 02:43:08 VERIFY X509NAME OK: C=US, ST=WA, L=Redmond, O=Microsoft Corporation, CN=bb580072-2a78-454b-822f-268a3c8f9f19.vpn.azure.com
2025-06-25 02:43:08 VERIFY OK: depth=0, C=US, ST=WA, L=Redmond, O=Microsoft Corporation, CN=bb580072-2a78-454b-822f-268a3c8f9f19.vpn.azure.com
2025-06-25 02:43:08 Control Channel: TLSv1.3, cipher TLSv1.3 TLS_AES_256_GCM_SHA384, peer certificate: 2048 bit RSA, signature: RSA-SHA384
2025-06-25 03:03:34 read TCPv4_CLIENT []: Connection timed out (fd=3,code=110)
2025-06-25 03:03:34 Connection reset, restarting [0]
2025-06-25 03:03:34 SIGUSR1[soft,connection-reset] received, process restarting
2025-06-25 03:03:34 Restart pause, 1 second(s)
2025-06-25 03:03:35 TCP/UDP: Preserving recently used remote address: [AF_INET]4.234.98.99:443
2025-06-25 03:03:35 Socket Buffers: R=[131072->131072] S=[16384->16384]
2025-06-25 03:03:35 Attempting to establish TCP connection with [AF_INET]4.234.98.99:443
2025-06-25 03:03:35 TCP connection established with [AF_INET]4.234.98.99:443
2025-06-25 03:03:35 TCPv4_CLIENT link local: (not bound)
2025-06-25 03:03:35 TCPv4_CLIENT link remote: [AF_INET]4.234.98.99:443
2025-06-25 03:03:35 TLS: Initial packet from [AF_INET]4.234.98.99:443, sid=5e084d4c 54110d00
2025-06-25 03:03:35 VERIFY OK: depth=2, C=US, O=DigiCert Inc, OU=www.digicert.com, CN=DigiCert Global Root G2
2025-06-25 03:03:35 VERIFY OK: depth=1, C=US, O=Microsoft Corporation, CN=Microsoft Azure RSA TLS Issuing CA 08
2025-06-25 03:03:35 VERIFY KU OK
2025-06-25 03:03:35 Validating certificate extended key usage
2025-06-25 03:03:35 ++ Certificate has EKU (str) TLS Web Client Authentication, expects TLS Web Server Authentication
2025-06-25 03:03:35 ++ Certificate has EKU (oid) 1.3.6.1.5.5.7.3.2, expects TLS Web Server Authentication
2025-06-25 03:03:35 ++ Certificate has EKU (str) TLS Web Server Authentication, expects TLS Web Server Authentication
2025-06-25 03:03:35 VERIFY EKU OK
2025-06-25 03:03:35 VERIFY X509NAME OK: C=US, ST=WA, L=Redmond, O=Microsoft Corporation, CN=bb580072-2a78-454b-822f-268a3c8f9f19.vpn.azure.com
2025-06-25 03:03:35 VERIFY OK: depth=0, C=US, ST=WA, L=Redmond, O=Microsoft Corporation, CN=bb580072-2a78-454b-822f-268a3c8f9f19.vpn.azure.com
2025-06-25 03:03:35 Control Channel: TLSv1.3, cipher TLSv1.3 TLS_AES_256_GCM_SHA384, peer certificate: 2048 bit RSA, signature: RSA-SHA384
2025-06-25 03:03:35 [bb580072-2a78-454b-822f-268a3c8f9f19.vpn.azure.com] Peer Connection Initiated with [AF_INET]4.234.98.99:443
2025-06-25 03:03:35 TLS: move_session: dest=TM_ACTIVE src=TM_INITIAL reinit_src=1
2025-06-25 03:03:35 TLS: tls_multi_process: initial untrusted session promoted to trusted
2025-06-25 03:03:36 SENT CONTROL [bb580072-2a78-454b-822f-268a3c8f9f19.vpn.azure.com]: 'PUSH_REQUEST' (status=1)
2025-06-25 03:03:37 PUSH: Received control message: 'PUSH_REPLY,route 172.18.0.0 255.255.0.0,route-gateway 192.168.100.1,topology subnet,ifconfig 192.168.100.2 255.255.255.0,cipher AES-256-GCM'
2025-06-25 03:03:37 OPTIONS IMPORT: --ifconfig/up options modified
2025-06-25 03:03:37 OPTIONS IMPORT: route options modified
2025-06-25 03:03:37 OPTIONS IMPORT: route-related options modified
2025-06-25 03:03:37 Preserving previous TUN/TAP instance: tun0
2025-06-25 03:03:37 NOTE: Pulled options changed on restart, will need to close and reopen TUN/TAP device.
2025-06-25 03:03:37 net_route_v4_del: 172.18.0.0/16 via 192.168.100.1 dev [NULL] table 0 metric -1
2025-06-25 03:03:37 Closing TUN/TAP interface
2025-06-25 03:03:37 net_addr_v4_del: 192.168.100.3 dev tun0
2025-06-25 03:03:38 net_route_v4_best_gw query: dst 0.0.0.0
2025-06-25 03:03:38 net_route_v4_best_gw result: via 192.168.1.1 dev ens19
2025-06-25 03:03:38 ROUTE_GATEWAY 192.168.1.1/255.255.255.0 IFACE=ens19 HWADDR=bc:24:11:ce:fe:63
2025-06-25 03:03:38 TUN/TAP device tun0 opened
2025-06-25 03:03:38 net_iface_mtu_set: mtu 1500 for tun0
2025-06-25 03:03:38 net_iface_up: set tun0 up
2025-06-25 03:03:38 net_addr_v4_add: 192.168.100.2/24 dev tun0
2025-06-25 03:03:38 net_route_v4_add: 172.18.0.0/16 via 192.168.100.1 dev [NULL] table 0 metric -1
2025-06-25 03:03:38 Initialization Sequence Completed
2025-06-25 03:03:38 Data Channel: cipher 'AES-256-GCM'
2025-06-25 03:58:38 VERIFY OK: depth=2, C=US, O=DigiCert Inc, OU=www.digicert.com, CN=DigiCert Global Root G2
2025-06-25 03:58:38 VERIFY OK: depth=1, C=US, O=Microsoft Corporation, CN=Microsoft Azure RSA TLS Issuing CA 08
2025-06-25 03:58:38 VERIFY KU OK
2025-06-25 03:58:38 Validating certificate extended key usage
2025-06-25 03:58:38 ++ Certificate has EKU (str) TLS Web Client Authentication, expects TLS Web Server Authentication
2025-06-25 03:58:38 ++ Certificate has EKU (oid) 1.3.6.1.5.5.7.3.2, expects TLS Web Server Authentication
2025-06-25 03:58:38 ++ Certificate has EKU (str) TLS Web Server Authentication, expects TLS Web Server Authentication
2025-06-25 03:58:38 VERIFY EKU OK
2025-06-25 03:58:38 VERIFY X509NAME OK: C=US, ST=WA, L=Redmond, O=Microsoft Corporation, CN=bb580072-2a78-454b-822f-268a3c8f9f19.vpn.azure.com
2025-06-25 03:58:38 VERIFY OK: depth=0, C=US, ST=WA, L=Redmond, O=Microsoft Corporation, CN=bb580072-2a78-454b-822f-268a3c8f9f19.vpn.azure.com
2025-06-25 03:58:38 Control Channel: TLSv1.3, cipher TLSv1.3 TLS_AES_256_GCM_SHA384, peer certificate: 2048 bit RSA, signature: RSA-SHA384
2025-06-25 04:14:30 read TCPv4_CLIENT []: Connection timed out (fd=3,code=110)
2025-06-25 04:14:30 Connection reset, restarting [0]
2025-06-25 04:14:30 SIGUSR1[soft,connection-reset] received, process restarting
2025-06-25 04:14:30 Restart pause, 1 second(s)
2025-06-25 04:14:31 TCP/UDP: Preserving recently used remote address: [AF_INET]4.234.98.99:443
2025-06-25 04:14:31 Socket Buffers: R=[131072->131072] S=[16384->16384]
2025-06-25 04:14:31 Attempting to establish TCP connection with [AF_INET]4.234.98.99:443
2025-06-25 04:14:31 TCP connection established with [AF_INET]4.234.98.99:443
2025-06-25 04:14:31 TCPv4_CLIENT link local: (not bound)
2025-06-25 04:14:31 TCPv4_CLIENT link remote: [AF_INET]4.234.98.99:443
2025-06-25 04:14:31 TLS: Initial packet from [AF_INET]4.234.98.99:443, sid=7f85b854 8284dedc
2025-06-25 04:14:31 VERIFY OK: depth=2, C=US, O=DigiCert Inc, OU=www.digicert.com, CN=DigiCert Global Root G2
2025-06-25 04:14:31 VERIFY OK: depth=1, C=US, O=Microsoft Corporation, CN=Microsoft Azure RSA TLS Issuing CA 08
2025-06-25 04:14:31 VERIFY KU OK
2025-06-25 04:14:31 Validating certificate extended key usage
2025-06-25 04:14:31 ++ Certificate has EKU (str) TLS Web Client Authentication, expects TLS Web Server Authentication
2025-06-25 04:14:31 ++ Certificate has EKU (oid) 1.3.6.1.5.5.7.3.2, expects TLS Web Server Authentication
2025-06-25 04:14:31 ++ Certificate has EKU (str) TLS Web Server Authentication, expects TLS Web Server Authentication
2025-06-25 04:14:31 VERIFY EKU OK
2025-06-25 04:14:31 VERIFY X509NAME OK: C=US, ST=WA, L=Redmond, O=Microsoft Corporation, CN=bb580072-2a78-454b-822f-268a3c8f9f19.vpn.azure.com
2025-06-25 04:14:31 VERIFY OK: depth=0, C=US, ST=WA, L=Redmond, O=Microsoft Corporation, CN=bb580072-2a78-454b-822f-268a3c8f9f19.vpn.azure.com
2025-06-25 04:14:31 Control Channel: TLSv1.3, cipher TLSv1.3 TLS_AES_256_GCM_SHA384, peer certificate: 2048 bit RSA, signature: RSA-SHA384
2025-06-25 04:14:31 [bb580072-2a78-454b-822f-268a3c8f9f19.vpn.azure.com] Peer Connection Initiated with [AF_INET]4.234.98.99:443
2025-06-25 04:14:31 TLS: move_session: dest=TM_ACTIVE src=TM_INITIAL reinit_src=1
2025-06-25 04:14:31 TLS: tls_multi_process: initial untrusted session promoted to trusted
2025-06-25 04:14:32 SENT CONTROL [bb580072-2a78-454b-822f-268a3c8f9f19.vpn.azure.com]: 'PUSH_REQUEST' (status=1)
2025-06-25 04:14:32 PUSH: Received control message: 'PUSH_REPLY,route 172.18.0.0 255.255.0.0,route-gateway 192.168.100.1,topology subnet,ifconfig 192.168.100.2 255.255.255.0,cipher AES-256-GCM'
2025-06-25 04:14:32 OPTIONS IMPORT: --ifconfig/up options modified
2025-06-25 04:14:32 OPTIONS IMPORT: route options modified
2025-06-25 04:14:32 OPTIONS IMPORT: route-related options modified
2025-06-25 04:14:32 Preserving previous TUN/TAP instance: tun0
2025-06-25 04:14:32 Initialization Sequence Completed
2025-06-25 04:14:32 Data Channel: cipher 'AES-256-GCM'
2025-06-25 05:09:38 VERIFY OK: depth=2, C=US, O=DigiCert Inc, OU=www.digicert.com, CN=DigiCert Global Root G2
2025-06-25 05:09:38 VERIFY OK: depth=1, C=US, O=Microsoft Corporation, CN=Microsoft Azure RSA TLS Issuing CA 08
2025-06-25 05:09:38 VERIFY KU OK
2025-06-25 05:09:38 Validating certificate extended key usage
2025-06-25 05:09:38 ++ Certificate has EKU (str) TLS Web Client Authentication, expects TLS Web Server Authentication
2025-06-25 05:09:38 ++ Certificate has EKU (oid) 1.3.6.1.5.5.7.3.2, expects TLS Web Server Authentication
2025-06-25 05:09:38 ++ Certificate has EKU (str) TLS Web Server Authentication, expects TLS Web Server Authentication
2025-06-25 05:09:38 VERIFY EKU OK
2025-06-25 05:09:38 VERIFY X509NAME OK: C=US, ST=WA, L=Redmond, O=Microsoft Corporation, CN=bb580072-2a78-454b-822f-268a3c8f9f19.vpn.azure.com
2025-06-25 05:09:38 VERIFY OK: depth=0, C=US, ST=WA, L=Redmond, O=Microsoft Corporation, CN=bb580072-2a78-454b-822f-268a3c8f9f19.vpn.azure.com
2025-06-25 05:09:38 Control Channel: TLSv1.3, cipher TLSv1.3 TLS_AES_256_GCM_SHA384, peer certificate: 2048 bit RSA, signature: RSA-SHA384
2025-06-25 05:36:29 read TCPv4_CLIENT []: Connection timed out (fd=3,code=110)
2025-06-25 05:36:29 Connection reset, restarting [0]
2025-06-25 05:36:29 SIGUSR1[soft,connection-reset] received, process restarting
2025-06-25 05:36:29 Restart pause, 1 second(s)
2025-06-25 05:36:30 TCP/UDP: Preserving recently used remote address: [AF_INET]4.234.98.99:443
2025-06-25 05:36:30 Socket Buffers: R=[131072->131072] S=[16384->16384]
2025-06-25 05:36:30 Attempting to establish TCP connection with [AF_INET]4.234.98.99:443
2025-06-25 05:36:30 TCP connection established with [AF_INET]4.234.98.99:443
2025-06-25 05:36:30 TCPv4_CLIENT link local: (not bound)
2025-06-25 05:36:30 TCPv4_CLIENT link remote: [AF_INET]4.234.98.99:443
2025-06-25 05:36:30 TLS: Initial packet from [AF_INET]4.234.98.99:443, sid=471d9753 712e9a79
2025-06-25 05:36:30 VERIFY OK: depth=2, C=US, O=DigiCert Inc, OU=www.digicert.com, CN=DigiCert Global Root G2
2025-06-25 05:36:30 VERIFY OK: depth=1, C=US, O=Microsoft Corporation, CN=Microsoft Azure RSA TLS Issuing CA 08
2025-06-25 05:36:30 VERIFY KU OK
2025-06-25 05:36:30 Validating certificate extended key usage
2025-06-25 05:36:30 ++ Certificate has EKU (str) TLS Web Client Authentication, expects TLS Web Server Authentication
2025-06-25 05:36:30 ++ Certificate has EKU (oid) 1.3.6.1.5.5.7.3.2, expects TLS Web Server Authentication
2025-06-25 05:36:30 ++ Certificate has EKU (str) TLS Web Server Authentication, expects TLS Web Server Authentication
2025-06-25 05:36:30 VERIFY EKU OK
2025-06-25 05:36:30 VERIFY X509NAME OK: C=US, ST=WA, L=Redmond, O=Microsoft Corporation, CN=bb580072-2a78-454b-822f-268a3c8f9f19.vpn.azure.com
2025-06-25 05:36:30 VERIFY OK: depth=0, C=US, ST=WA, L=Redmond, O=Microsoft Corporation, CN=bb580072-2a78-454b-822f-268a3c8f9f19.vpn.azure.com
2025-06-25 05:36:30 Control Channel: TLSv1.3, cipher TLSv1.3 TLS_AES_256_GCM_SHA384, peer certificate: 2048 bit RSA, signature: RSA-SHA384
2025-06-25 05:36:30 [bb580072-2a78-454b-822f-268a3c8f9f19.vpn.azure.com] Peer Connection Initiated with [AF_INET]4.234.98.99:443
2025-06-25 05:36:30 TLS: move_session: dest=TM_ACTIVE src=TM_INITIAL reinit_src=1
2025-06-25 05:36:30 TLS: tls_multi_process: initial untrusted session promoted to trusted
2025-06-25 05:36:32 SENT CONTROL [bb580072-2a78-454b-822f-268a3c8f9f19.vpn.azure.com]: 'PUSH_REQUEST' (status=1)
2025-06-25 05:36:32 PUSH: Received control message: 'PUSH_REPLY,route 172.18.0.0 255.255.0.0,route-gateway 192.168.100.1,topology subnet,ifconfig 192.168.100.2 255.255.255.0,cipher AES-256-GCM'
2025-06-25 05:36:32 OPTIONS IMPORT: --ifconfig/up options modified
2025-06-25 05:36:32 OPTIONS IMPORT: route options modified
2025-06-25 05:36:32 OPTIONS IMPORT: route-related options modified
2025-06-25 05:36:32 Preserving previous TUN/TAP instance: tun0
2025-06-25 05:36:32 Initialization Sequence Completed
2025-06-25 05:36:32 Data Channel: cipher 'AES-256-GCM'
2025-06-25 06:31:38 VERIFY OK: depth=2, C=US, O=DigiCert Inc, OU=www.digicert.com, CN=DigiCert Global Root G2
2025-06-25 06:31:38 VERIFY OK: depth=1, C=US, O=Microsoft Corporation, CN=Microsoft Azure RSA TLS Issuing CA 08
2025-06-25 06:31:38 VERIFY KU OK
2025-06-25 06:31:38 Validating certificate extended key usage
2025-06-25 06:31:38 ++ Certificate has EKU (str) TLS Web Client Authentication, expects TLS Web Server Authentication
2025-06-25 06:31:38 ++ Certificate has EKU (oid) 1.3.6.1.5.5.7.3.2, expects TLS Web Server Authentication
2025-06-25 06:31:38 ++ Certificate has EKU (str) TLS Web Server Authentication, expects TLS Web Server Authentication
2025-06-25 06:31:38 VERIFY EKU OK
2025-06-25 06:31:38 VERIFY X509NAME OK: C=US, ST=WA, L=Redmond, O=Microsoft Corporation, CN=bb580072-2a78-454b-822f-268a3c8f9f19.vpn.azure.com
2025-06-25 06:31:38 VERIFY OK: depth=0, C=US, ST=WA, L=Redmond, O=Microsoft Corporation, CN=bb580072-2a78-454b-822f-268a3c8f9f19.vpn.azure.com
2025-06-25 06:31:38 Control Channel: TLSv1.3, cipher TLSv1.3 TLS_AES_256_GCM_SHA384, peer certificate: 2048 bit RSA, signature: RSA-SHA384
2025-06-25 07:30:05 read TCPv4_CLIENT []: Connection timed out (fd=3,code=110)
2025-06-25 07:30:05 Connection reset, restarting [0]
2025-06-25 07:30:05 SIGUSR1[soft,connection-reset] received, process restarting
2025-06-25 07:30:05 Restart pause, 1 second(s)
2025-06-25 07:30:06 TCP/UDP: Preserving recently used remote address: [AF_INET]4.234.98.99:443
2025-06-25 07:30:06 Socket Buffers: R=[131072->131072] S=[16384->16384]
2025-06-25 07:30:06 Attempting to establish TCP connection with [AF_INET]4.234.98.99:443
2025-06-25 07:30:06 TCP connection established with [AF_INET]4.234.98.99:443
2025-06-25 07:30:06 TCPv4_CLIENT link local: (not bound)
2025-06-25 07:30:06 TCPv4_CLIENT link remote: [AF_INET]4.234.98.99:443
2025-06-25 07:30:06 TLS: Initial packet from [AF_INET]4.234.98.99:443, sid=fcf58795 5941eaaa
2025-06-25 07:30:06 VERIFY OK: depth=2, C=US, O=DigiCert Inc, OU=www.digicert.com, CN=DigiCert Global Root G2
2025-06-25 07:30:06 VERIFY OK: depth=1, C=US, O=Microsoft Corporation, CN=Microsoft Azure RSA TLS Issuing CA 08
2025-06-25 07:30:06 VERIFY KU OK
2025-06-25 07:30:06 Validating certificate extended key usage
2025-06-25 07:30:06 ++ Certificate has EKU (str) TLS Web Client Authentication, expects TLS Web Server Authentication
2025-06-25 07:30:06 ++ Certificate has EKU (oid) 1.3.6.1.5.5.7.3.2, expects TLS Web Server Authentication
2025-06-25 07:30:06 ++ Certificate has EKU (str) TLS Web Server Authentication, expects TLS Web Server Authentication
2025-06-25 07:30:06 VERIFY EKU OK
2025-06-25 07:30:06 VERIFY X509NAME OK: C=US, ST=WA, L=Redmond, O=Microsoft Corporation, CN=bb580072-2a78-454b-822f-268a3c8f9f19.vpn.azure.com
2025-06-25 07:30:06 VERIFY OK: depth=0, C=US, ST=WA, L=Redmond, O=Microsoft Corporation, CN=bb580072-2a78-454b-822f-268a3c8f9f19.vpn.azure.com
2025-06-25 07:30:06 Control Channel: TLSv1.3, cipher TLSv1.3 TLS_AES_256_GCM_SHA384, peer certificate: 2048 bit RSA, signature: RSA-SHA384
2025-06-25 07:30:06 [bb580072-2a78-454b-822f-268a3c8f9f19.vpn.azure.com] Peer Connection Initiated with [AF_INET]4.234.98.99:443
2025-06-25 07:30:06 TLS: move_session: dest=TM_ACTIVE src=TM_INITIAL reinit_src=1
2025-06-25 07:30:06 TLS: tls_multi_process: initial untrusted session promoted to trusted
2025-06-25 07:30:07 SENT CONTROL [bb580072-2a78-454b-822f-268a3c8f9f19.vpn.azure.com]: 'PUSH_REQUEST' (status=1)
2025-06-25 07:30:07 PUSH: Received control message: 'PUSH_REPLY,route 172.18.0.0 255.255.0.0,route-gateway 192.168.100.1,topology subnet,ifconfig 192.168.100.2 255.255.255.0,cipher AES-256-GCM'
2025-06-25 07:30:07 OPTIONS IMPORT: --ifconfig/up options modified
2025-06-25 07:30:07 OPTIONS IMPORT: route options modified
2025-06-25 07:30:07 OPTIONS IMPORT: route-related options modified
2025-06-25 07:30:07 Preserving previous TUN/TAP instance: tun0
2025-06-25 07:30:07 Initialization Sequence Completed
2025-06-25 07:30:07 Data Channel: cipher 'AES-256-GCM'
2025-06-25 08:25:08 VERIFY OK: depth=2, C=US, O=DigiCert Inc, OU=www.digicert.com, CN=DigiCert Global Root G2
2025-06-25 08:25:08 VERIFY OK: depth=1, C=US, O=Microsoft Corporation, CN=Microsoft Azure RSA TLS Issuing CA 08
2025-06-25 08:25:08 VERIFY KU OK
2025-06-25 08:25:08 Validating certificate extended key usage
2025-06-25 08:25:08 ++ Certificate has EKU (str) TLS Web Client Authentication, expects TLS Web Server Authentication
2025-06-25 08:25:08 ++ Certificate has EKU (oid) 1.3.6.1.5.5.7.3.2, expects TLS Web Server Authentication
2025-06-25 08:25:08 ++ Certificate has EKU (str) TLS Web Server Authentication, expects TLS Web Server Authentication
2025-06-25 08:25:08 VERIFY EKU OK
2025-06-25 08:25:08 VERIFY X509NAME OK: C=US, ST=WA, L=Redmond, O=Microsoft Corporation, CN=bb580072-2a78-454b-822f-268a3c8f9f19.vpn.azure.com
2025-06-25 08:25:08 VERIFY OK: depth=0, C=US, ST=WA, L=Redmond, O=Microsoft Corporation, CN=bb580072-2a78-454b-822f-268a3c8f9f19.vpn.azure.com
2025-06-25 08:25:08 Control Channel: TLSv1.3, cipher TLSv1.3 TLS_AES_256_GCM_SHA384, peer certificate: 2048 bit RSA, signature: RSA-SHA384
2025-06-25 09:20:18 VERIFY OK: depth=2, C=US, O=DigiCert Inc, OU=www.digicert.com, CN=DigiCert Global Root G2
2025-06-25 09:20:18 VERIFY OK: depth=1, C=US, O=Microsoft Corporation, CN=Microsoft Azure RSA TLS Issuing CA 08
2025-06-25 09:20:18 VERIFY KU OK
2025-06-25 09:20:18 Validating certificate extended key usage
2025-06-25 09:20:18 ++ Certificate has EKU (str) TLS Web Client Authentication, expects TLS Web Server Authentication
2025-06-25 09:20:18 ++ Certificate has EKU (oid) 1.3.6.1.5.5.7.3.2, expects TLS Web Server Authentication
2025-06-25 09:20:18 ++ Certificate has EKU (str) TLS Web Server Authentication, expects TLS Web Server Authentication
2025-06-25 09:20:18 VERIFY EKU OK
2025-06-25 09:20:18 VERIFY X509NAME OK: C=US, ST=WA, L=Redmond, O=Microsoft Corporation, CN=bb580072-2a78-454b-822f-268a3c8f9f19.vpn.azure.com
2025-06-25 09:20:18 VERIFY OK: depth=0, C=US, ST=WA, L=Redmond, O=Microsoft Corporation, CN=bb580072-2a78-454b-822f-268a3c8f9f19.vpn.azure.com
2025-06-25 09:20:18 Control Channel: TLSv1.3, cipher TLSv1.3 TLS_AES_256_GCM_SHA384, peer certificate: 2048 bit RSA, signature: RSA-SHA384
2025-06-25 10:15:28 VERIFY OK: depth=2, C=US, O=DigiCert Inc, OU=www.digicert.com, CN=DigiCert Global Root G2
2025-06-25 10:15:28 VERIFY OK: depth=1, C=US, O=Microsoft Corporation, CN=Microsoft Azure RSA TLS Issuing CA 08
2025-06-25 10:15:28 VERIFY KU OK
2025-06-25 10:15:28 Validating certificate extended key usage
2025-06-25 10:15:28 ++ Certificate has EKU (str) TLS Web Client Authentication, expects TLS Web Server Authentication
2025-06-25 10:15:28 ++ Certificate has EKU (oid) 1.3.6.1.5.5.7.3.2, expects TLS Web Server Authentication
2025-06-25 10:15:28 ++ Certificate has EKU (str) TLS Web Server Authentication, expects TLS Web Server Authentication
2025-06-25 10:15:28 VERIFY EKU OK
2025-06-25 10:15:28 VERIFY X509NAME OK: C=US, ST=WA, L=Redmond, O=Microsoft Corporation, CN=bb580072-2a78-454b-822f-268a3c8f9f19.vpn.azure.com
2025-06-25 10:15:28 VERIFY OK: depth=0, C=US, ST=WA, L=Redmond, O=Microsoft Corporation, CN=bb580072-2a78-454b-822f-268a3c8f9f19.vpn.azure.com
2025-06-25 10:15:28 Control Channel: TLSv1.3, cipher TLSv1.3 TLS_AES_256_GCM_SHA384, peer certificate: 2048 bit RSA, signature: RSA-SHA384
